0 info it worked if it ends with ok
1 verbose cli [ '/usr/bin/node', '/usr/bin/npm', 'install' ]
2 info using npm@3.10.10
3 info using node@v6.10.2
4 silly loadCurrentTree Starting
5 silly install loadCurrentTree
6 silly install readLocalPackageData
7 silly install normalizeTree
8 silly loadCurrentTree Finishing
9 silly loadIdealTree Starting
10 silly install loadIdealTree
11 silly cloneCurrentTree Starting
12 silly install cloneCurrentTreeToIdealTree
13 silly cloneCurrentTree Finishing
14 silly loadShrinkwrap Starting
15 silly install loadShrinkwrap
16 silly loadShrinkwrap Finishing
17 silly loadAllDepsIntoIdealTree Starting
18 silly install loadAllDepsIntoIdealTree
19 silly fetchNamedPackageData fsevents
20 silly mapToRegistry name fsevents
21 silly mapToRegistry using default registry
22 silly mapToRegistry registry https://registry.npmjs.org/
23 silly mapToRegistry data Result {
23 silly mapToRegistry   raw: 'fsevents',
23 silly mapToRegistry   scope: null,
23 silly mapToRegistry   escapedName: 'fsevents',
23 silly mapToRegistry   name: 'fsevents',
23 silly mapToRegistry   rawSpec: '',
23 silly mapToRegistry   spec: 'latest',
23 silly mapToRegistry   type: 'tag' }
24 silly mapToRegistry uri https://registry.npmjs.org/fsevents
25 verbose request uri https://registry.npmjs.org/fsevents
26 verbose request no auth needed
27 info attempt registry request try #1 at 6:54:52 AM
28 verbose request id 787d31eed4a614a7
29 verbose etag W/"5924f6b0-d606"
30 verbose lastModified Wed, 24 May 2017 02:57:52 GMT
31 http request GET https://registry.npmjs.org/fsevents
32 http 304 https://registry.npmjs.org/fsevents
33 verbose headers { date: 'Sat, 27 May 2017 11:40:55 GMT',
33 verbose headers   via: '1.1 varnish',
33 verbose headers   'cache-control': 'max-age=300',
33 verbose headers   etag: 'W/"5924f6b0-d606"',
33 verbose headers   age: '115',
33 verbose headers   connection: 'keep-alive',
33 verbose headers   'x-served-by': 'cache-ord1734-ORD',
33 verbose headers   'x-cache': 'HIT',
33 verbose headers   'x-cache-hits': '3',
33 verbose headers   'x-timer': 'S1495885255.214403,VS0,VE0',
33 verbose headers   vary: 'Accept-Encoding' }
34 silly get cb [ 304,
34 silly get   { date: 'Sat, 27 May 2017 11:40:55 GMT',
34 silly get     via: '1.1 varnish',
34 silly get     'cache-control': 'max-age=300',
34 silly get     etag: 'W/"5924f6b0-d606"',
34 silly get     age: '115',
34 silly get     connection: 'keep-alive',
34 silly get     'x-served-by': 'cache-ord1734-ORD',
34 silly get     'x-cache': 'HIT',
34 silly get     'x-cache-hits': '3',
34 silly get     'x-timer': 'S1495885255.214403,VS0,VE0',
34 silly get     vary: 'Accept-Encoding' } ]
35 verbose etag https://registry.npmjs.org/fsevents from cache
36 verbose get saving fsevents to /home/tag/.npm/registry.npmjs.org/fsevents/.cache.json
37 verbose correctMkdir /home/tag/.npm correctMkdir not in flight; initializing
38 silly resolveWithNewModule fsevents@1.1.1 checking installable status
39 silly loadAllDepsIntoIdealTree Finishing
40 silly loadIdealTree Finishing
41 silly currentTree voat@1.0.0
41 silly currentTree ├── abbrev@1.0.9
41 silly currentTree ├── accepts@1.3.3
41 silly currentTree ├─┬ acorn-dynamic-import@2.0.2
41 silly currentTree │ └── acorn@4.0.13
41 silly currentTree ├─┬ acorn-jsx@3.0.1
41 silly currentTree │ └── acorn@3.3.0
41 silly currentTree ├── acorn@5.0.3
41 silly currentTree ├── after@0.8.2
41 silly currentTree ├── ajv-keywords@1.5.1
41 silly currentTree ├── ajv@4.11.8
41 silly currentTree ├── align-text@0.1.4
41 silly currentTree ├── alphanum-sort@1.0.2
41 silly currentTree ├── amdefine@1.0.1
41 silly currentTree ├── ansi-escapes@1.4.0
41 silly currentTree ├── ansi-html@0.0.7
41 silly currentTree ├── ansi-regex@2.1.1
41 silly currentTree ├── ansi-styles@2.2.1
41 silly currentTree ├── anymatch@1.3.0
41 silly currentTree ├── argparse@1.0.9
41 silly currentTree ├── arr-diff@2.0.0
41 silly currentTree ├── arr-flatten@1.0.3
41 silly currentTree ├── array-find-index@1.0.2
41 silly currentTree ├── array-flatten@1.1.1
41 silly currentTree ├── array-slice@0.2.3
41 silly currentTree ├── array-union@1.0.2
41 silly currentTree ├── array-uniq@1.0.3
41 silly currentTree ├── array-unique@0.2.1
41 silly currentTree ├── arraybuffer.slice@0.0.6
41 silly currentTree ├── arrify@1.0.1
41 silly currentTree ├── asn1.js@4.9.1
41 silly currentTree ├── asn1@0.2.3
41 silly currentTree ├── assert-plus@0.2.0
41 silly currentTree ├── assert@1.4.1
41 silly currentTree ├── assertion-error@1.0.2
41 silly currentTree ├── async-each@1.0.1
41 silly currentTree ├── async@2.4.1
41 silly currentTree ├── asynckit@0.4.0
41 silly currentTree ├── autoprefixer@6.7.7
41 silly currentTree ├── aws-sign2@0.6.0
41 silly currentTree ├── aws4@1.6.0
41 silly currentTree ├── axios@0.16.1
41 silly currentTree ├── babel-code-frame@6.22.0
41 silly currentTree ├── babel-core@6.24.1
41 silly currentTree ├── babel-eslint@7.2.3
41 silly currentTree ├── babel-generator@6.24.1
41 silly currentTree ├── babel-helper-bindify-decorators@6.24.1
41 silly currentTree ├── babel-helper-builder-binary-assignment-operator-visitor@6.24.1
41 silly currentTree ├── babel-helper-call-delegate@6.24.1
41 silly currentTree ├── babel-helper-define-map@6.24.1
41 silly currentTree ├── babel-helper-explode-assignable-expression@6.24.1
41 silly currentTree ├── babel-helper-explode-class@6.24.1
41 silly currentTree ├── babel-helper-function-name@6.24.1
41 silly currentTree ├── babel-helper-get-function-arity@6.24.1
41 silly currentTree ├── babel-helper-hoist-variables@6.24.1
41 silly currentTree ├── babel-helper-optimise-call-expression@6.24.1
41 silly currentTree ├── babel-helper-regex@6.24.1
41 silly currentTree ├── babel-helper-remap-async-to-generator@6.24.1
41 silly currentTree ├── babel-helper-replace-supers@6.24.1
41 silly currentTree ├── babel-helpers@6.24.1
41 silly currentTree ├── babel-loader@6.4.1
41 silly currentTree ├── babel-messages@6.23.0
41 silly currentTree ├── babel-plugin-check-es2015-constants@6.22.0
41 silly currentTree ├─┬ babel-plugin-istanbul@4.1.3
41 silly currentTree │ └── find-up@2.1.0
41 silly currentTree ├── babel-plugin-syntax-async-functions@6.13.0
41 silly currentTree ├── babel-plugin-syntax-async-generators@6.13.0
41 silly currentTree ├── babel-plugin-syntax-class-properties@6.13.0
41 silly currentTree ├── babel-plugin-syntax-decorators@6.13.0
41 silly currentTree ├── babel-plugin-syntax-dynamic-import@6.18.0
41 silly currentTree ├── babel-plugin-syntax-exponentiation-operator@6.13.0
41 silly currentTree ├── babel-plugin-syntax-object-rest-spread@6.13.0
41 silly currentTree ├── babel-plugin-syntax-trailing-function-commas@6.22.0
41 silly currentTree ├── babel-plugin-transform-async-generator-functions@6.24.1
41 silly currentTree ├── babel-plugin-transform-async-to-generator@6.24.1
41 silly currentTree ├── babel-plugin-transform-class-properties@6.24.1
41 silly currentTree ├── babel-plugin-transform-decorators@6.24.1
41 silly currentTree ├── babel-plugin-transform-es2015-arrow-functions@6.22.0
41 silly currentTree ├── babel-plugin-transform-es2015-block-scoped-functions@6.22.0
41 silly currentTree ├── babel-plugin-transform-es2015-block-scoping@6.24.1
41 silly currentTree ├── babel-plugin-transform-es2015-classes@6.24.1
41 silly currentTree ├── babel-plugin-transform-es2015-computed-properties@6.24.1
41 silly currentTree ├── babel-plugin-transform-es2015-destructuring@6.23.0
41 silly currentTree ├── babel-plugin-transform-es2015-duplicate-keys@6.24.1
41 silly currentTree ├── babel-plugin-transform-es2015-for-of@6.23.0
41 silly currentTree ├── babel-plugin-transform-es2015-function-name@6.24.1
41 silly currentTree ├── babel-plugin-transform-es2015-literals@6.22.0
41 silly currentTree ├── babel-plugin-transform-es2015-modules-amd@6.24.1
41 silly currentTree ├── babel-plugin-transform-es2015-modules-commonjs@6.24.1
41 silly currentTree ├── babel-plugin-transform-es2015-modules-systemjs@6.24.1
41 silly currentTree ├── babel-plugin-transform-es2015-modules-umd@6.24.1
41 silly currentTree ├── babel-plugin-transform-es2015-object-super@6.24.1
41 silly currentTree ├── babel-plugin-transform-es2015-parameters@6.24.1
41 silly currentTree ├── babel-plugin-transform-es2015-shorthand-properties@6.24.1
41 silly currentTree ├── babel-plugin-transform-es2015-spread@6.22.0
41 silly currentTree ├── babel-plugin-transform-es2015-sticky-regex@6.24.1
41 silly currentTree ├── babel-plugin-transform-es2015-template-literals@6.22.0
41 silly currentTree ├── babel-plugin-transform-es2015-typeof-symbol@6.23.0
41 silly currentTree ├── babel-plugin-transform-es2015-unicode-regex@6.24.1
41 silly currentTree ├── babel-plugin-transform-exponentiation-operator@6.24.1
41 silly currentTree ├── babel-plugin-transform-object-rest-spread@6.23.0
41 silly currentTree ├── babel-plugin-transform-regenerator@6.24.1
41 silly currentTree ├── babel-plugin-transform-runtime@6.23.0
41 silly currentTree ├── babel-plugin-transform-strict-mode@6.24.1
41 silly currentTree ├─┬ babel-preset-env@1.5.1
41 silly currentTree │ └── browserslist@2.1.4
41 silly currentTree ├── babel-preset-stage-2@6.24.1
41 silly currentTree ├── babel-preset-stage-3@6.24.1
41 silly currentTree ├── babel-register@6.24.1
41 silly currentTree ├── babel-runtime@6.23.0
41 silly currentTree ├── babel-template@6.24.1
41 silly currentTree ├── babel-traverse@6.24.1
41 silly currentTree ├── babel-types@6.24.1
41 silly currentTree ├── babylon@6.17.1
41 silly currentTree ├── backo2@1.0.2
41 silly currentTree ├── balanced-match@0.4.2
41 silly currentTree ├── base64-arraybuffer@0.1.5
41 silly currentTree ├── base64-js@1.2.0
41 silly currentTree ├── base64id@1.0.0
41 silly currentTree ├── bcrypt-pbkdf@1.0.1
41 silly currentTree ├── better-assert@1.0.2
41 silly currentTree ├── big.js@3.1.3
41 silly currentTree ├── binary-extensions@1.8.0
41 silly currentTree ├── blob@0.0.4
41 silly currentTree ├── bluebird@2.11.0
41 silly currentTree ├── bn.js@4.11.6
41 silly currentTree ├─┬ body-parser@1.17.2
41 silly currentTree │ └── debug@2.6.7
41 silly currentTree ├── boolbase@1.0.0
41 silly currentTree ├── boom@2.10.1
41 silly currentTree ├── brace-expansion@1.1.7
41 silly currentTree ├── braces@1.8.5
41 silly currentTree ├── brorand@1.1.0
41 silly currentTree ├── browser-stdout@1.3.0
41 silly currentTree ├── browserify-aes@1.0.6
41 silly currentTree ├── browserify-cipher@1.0.0
41 silly currentTree ├── browserify-des@1.0.0
41 silly currentTree ├── browserify-rsa@4.0.1
41 silly currentTree ├── browserify-sign@4.0.4
41 silly currentTree ├── browserify-zlib@0.1.4
41 silly currentTree ├── browserslist@1.7.7
41 silly currentTree ├── buffer-shims@1.0.0
41 silly currentTree ├── buffer-xor@1.0.3
41 silly currentTree ├── buffer@4.9.1
41 silly currentTree ├── builtin-modules@1.1.1
41 silly currentTree ├── builtin-status-codes@3.0.0
41 silly currentTree ├── bytes@2.4.0
41 silly currentTree ├── caller-path@0.1.0
41 silly currentTree ├── callsite@1.0.0
41 silly currentTree ├── callsites@0.2.0
41 silly currentTree ├── camel-case@3.0.0
41 silly currentTree ├── camelcase-keys@2.1.0
41 silly currentTree ├── camelcase@2.1.1
41 silly currentTree ├── caniuse-api@1.6.1
41 silly currentTree ├── caniuse-db@1.0.30000672
41 silly currentTree ├── caniuse-lite@1.0.30000672
41 silly currentTree ├── capture-stack-trace@1.0.0
41 silly currentTree ├── caseless@0.11.0
41 silly currentTree ├── center-align@0.1.3
41 silly currentTree ├── chai@3.5.0
41 silly currentTree ├─┬ chalk@1.1.3
41 silly currentTree │ └── supports-color@2.0.0
41 silly currentTree ├── chokidar@1.7.0
41 silly currentTree ├── cipher-base@1.0.3
41 silly currentTree ├── circular-json@0.3.1
41 silly currentTree ├── clap@1.1.3
41 silly currentTree ├── clean-css@4.1.3
41 silly currentTree ├── cli-cursor@1.0.2
41 silly currentTree ├── cli-spinners@1.0.0
41 silly currentTree ├── cli-width@2.1.0
41 silly currentTree ├─┬ cliui@2.1.0
41 silly currentTree │ └── wordwrap@0.0.2
41 silly currentTree ├── clone@1.0.2
41 silly currentTree ├── co@4.6.0
41 silly currentTree ├── coa@1.0.2
41 silly currentTree ├── code-point-at@1.1.0
41 silly currentTree ├── color-convert@1.9.0
41 silly currentTree ├── color-name@1.1.2
41 silly currentTree ├── color-string@0.3.0
41 silly currentTree ├── color@0.11.4
41 silly currentTree ├── colormin@1.1.2
41 silly currentTree ├── colors@1.1.2
41 silly currentTree ├── combine-lists@1.0.1
41 silly currentTree ├── combined-stream@1.0.5
41 silly currentTree ├── commander@2.9.0
41 silly currentTree ├── commondir@1.0.1
41 silly currentTree ├── component-bind@1.0.0
41 silly currentTree ├── component-emitter@1.1.2
41 silly currentTree ├── component-inherit@0.0.3
41 silly currentTree ├── concat-map@0.0.1
41 silly currentTree ├── concat-stream@1.6.0
41 silly currentTree ├── config-chain@1.1.11
41 silly currentTree ├── connect-history-api-fallback@1.3.0
41 silly currentTree ├─┬ connect@3.6.2
41 silly currentTree │ └── debug@2.6.7
41 silly currentTree ├── console-browserify@1.1.0
41 silly currentTree ├─┬ consolidate@0.14.5
41 silly currentTree │ └── bluebird@3.5.0
41 silly currentTree ├── constants-browserify@1.0.0
41 silly currentTree ├── content-disposition@0.5.2
41 silly currentTree ├── content-type@1.0.2
41 silly currentTree ├── convert-source-map@1.5.0
41 silly currentTree ├── cookie-signature@1.0.6
41 silly currentTree ├── cookie@0.3.1
41 silly currentTree ├─┬ copy-webpack-plugin@4.0.1
41 silly currentTree │ ├── is-extglob@2.1.1
41 silly currentTree │ └── is-glob@3.1.0
41 silly currentTree ├── core-js@2.4.1
41 silly currentTree ├── core-util-is@1.0.2
41 silly currentTree ├─┬ cosmiconfig@2.1.3
41 silly currentTree │ └── minimist@1.2.0
41 silly currentTree ├── create-ecdh@4.0.0
41 silly currentTree ├── create-error-class@3.0.2
41 silly currentTree ├── create-hash@1.1.3
41 silly currentTree ├── create-hmac@1.1.6
41 silly currentTree ├── cross-env@4.0.0
41 silly currentTree ├── cross-spawn@5.1.0
41 silly currentTree ├── cryptiles@2.0.5
41 silly currentTree ├── crypto-browserify@3.11.0
41 silly currentTree ├── css-color-names@0.0.4
41 silly currentTree ├─┬ css-loader@0.28.3
41 silly currentTree │ └── loader-utils@1.1.0
41 silly currentTree ├─┬ css-select@1.2.0
41 silly currentTree │ └── domutils@1.5.1
41 silly currentTree ├─┬ css-selector-tokenizer@0.7.0
41 silly currentTree │ └── regexpu-core@1.0.0
41 silly currentTree ├── css-what@2.1.0
41 silly currentTree ├── cssesc@0.1.0
41 silly currentTree ├── cssnano@3.10.0
41 silly currentTree ├── csso@2.3.2
41 silly currentTree ├── currently-unhandled@0.4.1
41 silly currentTree ├── custom-event@1.0.1
41 silly currentTree ├── d@1.0.0
41 silly currentTree ├─┬ dashdash@1.14.1
41 silly currentTree │ └── assert-plus@1.0.0
41 silly currentTree ├── date-now@0.1.4
41 silly currentTree ├── dateformat@1.0.12
41 silly currentTree ├── de-indent@1.0.2
41 silly currentTree ├── debug@2.6.8
41 silly currentTree ├── decamelize@1.2.0
41 silly currentTree ├─┬ deep-eql@0.1.3
41 silly currentTree │ └── type-detect@0.1.1
41 silly currentTree ├── deep-is@0.1.3
41 silly currentTree ├── defined@1.0.0
41 silly currentTree ├── del@2.2.2
41 silly currentTree ├── delayed-stream@1.0.0
41 silly currentTree ├── depd@1.1.0
41 silly currentTree ├── des.js@1.0.0
41 silly currentTree ├── destroy@1.0.4
41 silly currentTree ├── detect-indent@4.0.0
41 silly currentTree ├── di@0.0.1
41 silly currentTree ├── diff@3.2.0
41 silly currentTree ├── diffie-hellman@5.0.2
41 silly currentTree ├── doctrine@2.0.0
41 silly currentTree ├─┬ dom-converter@0.1.4
41 silly currentTree │ └── utila@0.3.3
41 silly currentTree ├── dom-serialize@2.2.1
41 silly currentTree ├─┬ dom-serializer@0.1.0
41 silly currentTree │ └── domelementtype@1.1.3
41 silly currentTree ├── domain-browser@1.1.7
41 silly currentTree ├── domelementtype@1.3.0
41 silly currentTree ├── domhandler@2.4.1
41 silly currentTree ├── domutils@1.6.2
41 silly currentTree ├── duplexer@0.1.1
41 silly currentTree ├── duplexer3@0.1.4
41 silly currentTree ├── ecc-jsbn@0.1.1
41 silly currentTree ├─┬ editorconfig@0.13.2
41 silly currentTree │ ├── bluebird@3.5.0
41 silly currentTree │ └── lru-cache@3.2.0
41 silly currentTree ├── ee-first@1.1.1
41 silly currentTree ├── ejs@2.5.6
41 silly currentTree ├── electron-to-chromium@1.3.12
41 silly currentTree ├── elliptic@6.4.0
41 silly currentTree ├── emojis-list@2.1.0
41 silly currentTree ├── encodeurl@1.0.1
41 silly currentTree ├─┬ engine.io-client@1.8.3
41 silly currentTree │ ├── component-emitter@1.2.1
41 silly currentTree │ ├── debug@2.3.3
41 silly currentTree │ └── ms@0.7.2
41 silly currentTree ├── engine.io-parser@1.3.2
41 silly currentTree ├─┬ engine.io@1.8.3
41 silly currentTree │ ├── debug@2.3.3
41 silly currentTree │ └── ms@0.7.2
41 silly currentTree ├── enhanced-resolve@3.1.0
41 silly currentTree ├── ent@2.2.0
41 silly currentTree ├── entities@1.1.1
41 silly currentTree ├── errno@0.1.4
41 silly currentTree ├── error-ex@1.3.1
41 silly currentTree ├── error-stack-parser@2.0.1
41 silly currentTree ├── es5-ext@0.10.21
41 silly currentTree ├── es6-iterator@2.0.1
41 silly currentTree ├── es6-map@0.1.5
41 silly currentTree ├── es6-promise@4.0.5
41 silly currentTree ├── es6-set@0.1.5
41 silly currentTree ├── es6-symbol@3.1.1
41 silly currentTree ├── es6-weak-map@2.0.2
41 silly currentTree ├── escape-html@1.0.3
41 silly currentTree ├── escape-string-regexp@1.0.5
41 silly currentTree ├─┬ escodegen@1.8.1
41 silly currentTree │ ├── estraverse@1.9.3
41 silly currentTree │ └── source-map@0.2.0
41 silly currentTree ├── escope@3.6.0
41 silly currentTree ├── eslint-config-standard@6.2.1
41 silly currentTree ├─┬ eslint-friendly-formatter@2.0.7
41 silly currentTree │ └── minimist@1.2.0
41 silly currentTree ├─┬ eslint-loader@1.7.1
41 silly currentTree │ └── loader-utils@1.1.0
41 silly currentTree ├── eslint-plugin-html@2.0.3
41 silly currentTree ├── eslint-plugin-promise@3.5.0
41 silly currentTree ├── eslint-plugin-standard@2.3.1
41 silly currentTree ├─┬ eslint@3.19.0
41 silly currentTree │ ├── glob@7.1.2
41 silly currentTree │ └── strip-bom@3.0.0
41 silly currentTree ├── espree@3.4.3
41 silly currentTree ├── esprima@2.7.3
41 silly currentTree ├── esquery@1.0.0
41 silly currentTree ├─┬ esrecurse@4.1.0
41 silly currentTree │ └── estraverse@4.1.1
41 silly currentTree ├── estraverse@4.2.0
41 silly currentTree ├── esutils@2.0.2
41 silly currentTree ├── etag@1.8.0
41 silly currentTree ├── event-emitter@0.3.5
41 silly currentTree ├── eventemitter3@1.2.0
41 silly currentTree ├── events@1.1.1
41 silly currentTree ├── eventsource-polyfill@0.9.6
41 silly currentTree ├── evp_bytestokey@1.0.0
41 silly currentTree ├── exit-hook@1.1.1
41 silly currentTree ├─┬ expand-braces@0.1.2
41 silly currentTree │ ├── braces@0.1.5
41 silly currentTree │ ├── expand-range@0.1.1
41 silly currentTree │ ├── is-number@0.1.1
41 silly currentTree │ └── repeat-string@0.2.2
41 silly currentTree ├── expand-brackets@0.1.5
41 silly currentTree ├── expand-range@1.8.2
41 silly currentTree ├─┬ express@4.15.3
41 silly currentTree │ └── debug@2.6.7
41 silly currentTree ├── extend@3.0.1
41 silly currentTree ├── extglob@0.3.2
41 silly currentTree ├─┬ extract-text-webpack-plugin@2.1.0
41 silly currentTree │ └── loader-utils@1.1.0
41 silly currentTree ├─┬ extract-zip@1.5.0
41 silly currentTree │ ├── concat-stream@1.5.0
41 silly currentTree │ ├── debug@0.7.4
41 silly currentTree │ ├── mkdirp@0.5.0
41 silly currentTree │ ├── readable-stream@2.0.6
41 silly currentTree │ └── string_decoder@0.10.31
41 silly currentTree ├── extsprintf@1.0.2
41 silly currentTree ├── fast-levenshtein@2.0.6
41 silly currentTree ├── fastparse@1.1.1
41 silly currentTree ├── fd-slicer@1.0.1
41 silly currentTree ├── figures@1.7.0
41 silly currentTree ├── file-entry-cache@2.0.0
41 silly currentTree ├─┬ file-loader@0.11.1
41 silly currentTree │ └── loader-utils@1.1.0
41 silly currentTree ├── filename-regex@2.0.1
41 silly currentTree ├── filesize@3.5.10
41 silly currentTree ├── fill-range@2.2.3
41 silly currentTree ├─┬ finalhandler@1.0.3
41 silly currentTree │ └── debug@2.6.7
41 silly currentTree ├── find-cache-dir@0.1.1
41 silly currentTree ├── find-up@1.1.2
41 silly currentTree ├── flat-cache@1.2.2
41 silly currentTree ├── flatten@1.0.2
41 silly currentTree ├── follow-redirects@1.2.3
41 silly currentTree ├── for-in@1.0.2
41 silly currentTree ├── for-own@0.1.5
41 silly currentTree ├── forever-agent@0.6.1
41 silly currentTree ├── form-data@2.1.4
41 silly currentTree ├── formatio@1.2.0
41 silly currentTree ├── forwarded@0.1.0
41 silly currentTree ├── fresh@0.5.0
41 silly currentTree ├── friendly-errors-webpack-plugin@1.6.1
41 silly currentTree ├── fs-extra@0.26.7
41 silly currentTree ├── fs.realpath@1.0.0
41 silly currentTree ├── function-bind@1.1.0
41 silly currentTree ├── generate-function@2.0.0
41 silly currentTree ├── generate-object-property@1.2.0
41 silly currentTree ├── get-caller-file@1.0.2
41 silly currentTree ├── get-stdin@4.0.1
41 silly currentTree ├── get-stream@3.0.0
41 silly currentTree ├─┬ getpass@0.1.7
41 silly currentTree │ └── assert-plus@1.0.0
41 silly currentTree ├── glob-base@0.3.0
41 silly currentTree ├── glob-parent@2.0.0
41 silly currentTree ├── glob@6.0.4
41 silly currentTree ├── globals@9.17.0
41 silly currentTree ├─┬ globby@5.0.0
41 silly currentTree │ └── glob@7.1.2
41 silly currentTree ├── got@6.7.1
41 silly currentTree ├── graceful-fs@4.1.11
41 silly currentTree ├── graceful-readlink@1.0.1
41 silly currentTree ├── growl@1.9.2
41 silly currentTree ├── gzip-size@3.0.0
41 silly currentTree ├─┬ handlebars@4.0.10
41 silly currentTree │ ├── async@1.5.2
41 silly currentTree │ ├── source-map@0.4.4
41 silly currentTree │ └─┬ uglify-js@2.8.27
41 silly currentTree │   └── source-map@0.5.6
41 silly currentTree ├── har-validator@2.0.6
41 silly currentTree ├── has-ansi@2.0.0
41 silly currentTree ├─┬ has-binary@0.1.7
41 silly currentTree │ └── isarray@0.0.1
41 silly currentTree ├── has-cors@1.1.0
41 silly currentTree ├── has-flag@1.0.0
41 silly currentTree ├── has@1.0.1
41 silly currentTree ├── hash-base@2.0.2
41 silly currentTree ├── hash-sum@1.0.2
41 silly currentTree ├── hash.js@1.0.3
41 silly currentTree ├── hasha@2.2.0
41 silly currentTree ├── hawk@3.1.3
41 silly currentTree ├── he@1.1.1
41 silly currentTree ├── hmac-drbg@1.0.1
41 silly currentTree ├── hoek@2.16.3
41 silly currentTree ├── home-or-tmp@2.0.0
41 silly currentTree ├── hosted-git-info@2.4.2
41 silly currentTree ├── html-comment-regex@1.1.1
41 silly currentTree ├── html-entities@1.2.1
41 silly currentTree ├── html-minifier@3.5.2
41 silly currentTree ├─┬ html-webpack-plugin@2.28.0
41 silly currentTree │ └── bluebird@3.5.0
41 silly currentTree ├── htmlparser2@3.9.2
41 silly currentTree ├── http-errors@1.6.1
41 silly currentTree ├─┬ http-proxy-middleware@0.17.4
41 silly currentTree │ ├── is-extglob@2.1.1
41 silly currentTree │ └── is-glob@3.1.0
41 silly currentTree ├── http-proxy@1.16.2
41 silly currentTree ├── http-signature@1.1.1
41 silly currentTree ├── https-browserify@0.0.1
41 silly currentTree ├── iconv-lite@0.4.15
41 silly currentTree ├── icss-replace-symbols@1.1.0
41 silly currentTree ├── ieee754@1.1.8
41 silly currentTree ├── ignore@3.3.3
41 silly currentTree ├── imurmurhash@0.1.4
41 silly currentTree ├── indent-string@2.1.0
41 silly currentTree ├── indexes-of@1.0.1
41 silly currentTree ├── indexof@0.0.1
41 silly currentTree ├── inflight@1.0.6
41 silly currentTree ├── inherits@2.0.3
41 silly currentTree ├── ini@1.3.4
41 silly currentTree ├── inject-loader@3.0.0
41 silly currentTree ├── inquirer@0.12.0
41 silly currentTree ├── interpret@1.0.3
41 silly currentTree ├── invariant@2.2.2
41 silly currentTree ├── invert-kv@1.0.0
41 silly currentTree ├── ipaddr.js@1.3.0
41 silly currentTree ├── is-absolute-url@2.1.0
41 silly currentTree ├── is-arrayish@0.2.1
41 silly currentTree ├── is-binary-path@1.0.1
41 silly currentTree ├── is-buffer@1.1.5
41 silly currentTree ├── is-builtin-module@1.0.0
41 silly currentTree ├── is-directory@0.3.1
41 silly currentTree ├── is-dotfile@1.0.2
41 silly currentTree ├── is-equal-shallow@0.1.3
41 silly currentTree ├── is-extendable@0.1.1
41 silly currentTree ├── is-extglob@1.0.0
41 silly currentTree ├── is-finite@1.0.2
41 silly currentTree ├── is-fullwidth-code-point@1.0.0
41 silly currentTree ├── is-glob@2.0.1
41 silly currentTree ├── is-my-json-valid@2.16.0
41 silly currentTree ├── is-number@2.1.0
41 silly currentTree ├── is-path-cwd@1.0.0
41 silly currentTree ├── is-path-in-cwd@1.0.0
41 silly currentTree ├── is-path-inside@1.0.0
41 silly currentTree ├── is-plain-obj@1.1.0
41 silly currentTree ├── is-posix-bracket@0.1.1
41 silly currentTree ├── is-primitive@2.0.0
41 silly currentTree ├── is-property@1.0.2
41 silly currentTree ├── is-redirect@1.0.0
41 silly currentTree ├── is-resolvable@1.0.0
41 silly currentTree ├── is-retry-allowed@1.1.0
41 silly currentTree ├── is-stream@1.1.0
41 silly currentTree ├── is-svg@2.1.0
41 silly currentTree ├── is-typedarray@1.0.0
41 silly currentTree ├── is-utf8@0.2.1
41 silly currentTree ├── is-windows@1.0.1
41 silly currentTree ├── isarray@1.0.0
41 silly currentTree ├── isbinaryfile@3.0.2
41 silly currentTree ├── isexe@2.0.0
41 silly currentTree ├── isobject@2.1.0
41 silly currentTree ├── isstream@0.1.2
41 silly currentTree ├── istanbul-lib-coverage@1.1.0
41 silly currentTree ├── istanbul-lib-instrument@1.7.1
41 silly currentTree ├─┬ istanbul@0.4.5
41 silly currentTree │ ├── async@1.5.2
41 silly currentTree │ ├── glob@5.0.15
41 silly currentTree │ └── resolve@1.1.7
41 silly currentTree ├── jodid25519@1.0.2
41 silly currentTree ├── js-base64@2.1.9
41 silly currentTree ├── js-beautify@1.6.14
41 silly currentTree ├── js-tokens@3.0.1
41 silly currentTree ├── js-yaml@3.7.0
41 silly currentTree ├── jsbn@0.1.1
41 silly currentTree ├── jsesc@1.3.0
41 silly currentTree ├── json-loader@0.5.4
41 silly currentTree ├── json-schema@0.2.3
41 silly currentTree ├── json-stable-stringify@1.0.1
41 silly currentTree ├── json-stringify-safe@5.0.1
41 silly currentTree ├── json3@3.3.2
41 silly currentTree ├── json5@0.5.1
41 silly currentTree ├── jsonfile@2.4.0
41 silly currentTree ├── jsonify@0.0.0
41 silly currentTree ├── jsonpointer@4.0.1
41 silly currentTree ├─┬ jsprim@1.4.0
41 silly currentTree │ └── assert-plus@1.0.0
41 silly currentTree ├─┬ karma-coverage@1.1.1
41 silly currentTree │ └── lodash@3.10.1
41 silly currentTree ├─┬ karma-mocha@1.3.0
41 silly currentTree │ └── minimist@1.2.0
41 silly currentTree ├── karma-phantomjs-launcher@1.0.4
41 silly currentTree ├── karma-phantomjs-shim@1.4.0
41 silly currentTree ├── karma-sinon-chai@1.3.1
41 silly currentTree ├── karma-sourcemap-loader@0.3.7
41 silly currentTree ├── karma-spec-reporter@0.0.30
41 silly currentTree ├─┬ karma-webpack@2.0.3
41 silly currentTree │ ├── async@0.9.2
41 silly currentTree │ ├── lodash@3.10.1
41 silly currentTree │ └── source-map@0.1.43
41 silly currentTree ├─┬ karma@1.7.0
41 silly currentTree │ ├── bluebird@3.5.0
41 silly currentTree │ ├── glob@7.1.2
41 silly currentTree │ └── lodash@3.10.1
41 silly currentTree ├── kew@0.7.0
41 silly currentTree ├── kind-of@3.2.2
41 silly currentTree ├── klaw@1.3.1
41 silly currentTree ├── lazy-cache@1.0.4
41 silly currentTree ├── lcid@1.0.0
41 silly currentTree ├── levn@0.3.0
41 silly currentTree ├── load-json-file@1.1.0
41 silly currentTree ├── loader-fs-cache@1.0.1
41 silly currentTree ├── loader-runner@2.3.0
41 silly currentTree ├── loader-utils@0.2.17
41 silly currentTree ├─┬ locate-path@2.0.0
41 silly currentTree │ └── path-exists@3.0.0
41 silly currentTree ├── lodash._baseassign@3.2.0
41 silly currentTree ├── lodash._basecopy@3.0.1
41 silly currentTree ├── lodash._basecreate@3.0.3
41 silly currentTree ├── lodash._getnative@3.9.1
41 silly currentTree ├── lodash._isiterateecall@3.0.9
41 silly currentTree ├── lodash.camelcase@4.3.0
41 silly currentTree ├── lodash.create@3.1.1
41 silly currentTree ├── lodash.isarguments@3.1.0
41 silly currentTree ├── lodash.isarray@3.0.4
41 silly currentTree ├── lodash.keys@3.1.2
41 silly currentTree ├── lodash.memoize@4.1.2
41 silly currentTree ├── lodash.uniq@4.5.0
41 silly currentTree ├── lodash@4.17.4
41 silly currentTree ├── log-symbols@1.0.2
41 silly currentTree ├─┬ log4js@0.6.38
41 silly currentTree │ ├── isarray@0.0.1
41 silly currentTree │ ├── readable-stream@1.0.34
41 silly currentTree │ ├── semver@4.3.6
41 silly currentTree │ └── string_decoder@0.10.31
41 silly currentTree ├── lolex@1.6.0
41 silly currentTree ├── longest@1.0.1
41 silly currentTree ├── loose-envify@1.3.1
41 silly currentTree ├── loud-rejection@1.6.0
41 silly currentTree ├── lower-case@1.1.4
41 silly currentTree ├── lowercase-keys@1.0.0
41 silly currentTree ├── lru-cache@4.0.2
41 silly currentTree ├── macaddress@0.2.8
41 silly currentTree ├── map-obj@1.0.1
41 silly currentTree ├── math-expression-evaluator@1.2.17
41 silly currentTree ├── media-typer@0.3.0
41 silly currentTree ├── memory-fs@0.4.1
41 silly currentTree ├─┬ meow@3.7.0
41 silly currentTree │ └── minimist@1.2.0
41 silly currentTree ├── merge-descriptors@1.0.1
41 silly currentTree ├── methods@1.1.2
41 silly currentTree ├── micromatch@2.3.11
41 silly currentTree ├── miller-rabin@4.0.0
41 silly currentTree ├── mime-db@1.27.0
41 silly currentTree ├── mime-types@2.1.15
41 silly currentTree ├── mime@1.3.4
41 silly currentTree ├── mimic-fn@1.1.0
41 silly currentTree ├── minimalistic-assert@1.0.0
41 silly currentTree ├── minimalistic-crypto-utils@1.0.1
41 silly currentTree ├── minimatch@3.0.4
41 silly currentTree ├── minimist@0.0.8
41 silly currentTree ├── mkdirp@0.5.1
41 silly currentTree ├─┬ mocha@3.4.2
41 silly currentTree │ ├── debug@2.6.0
41 silly currentTree │ ├── glob@7.1.1
41 silly currentTree │ ├── ms@0.7.2
41 silly currentTree │ └── supports-color@3.1.2
41 silly currentTree ├── ms@2.0.0
41 silly currentTree ├── mute-stream@0.0.5
41 silly currentTree ├── native-promise-only@0.8.1
41 silly currentTree ├── natural-compare@1.4.0
41 silly currentTree ├── ncname@1.0.0
41 silly currentTree ├── negotiator@0.6.1
41 silly currentTree ├── no-case@2.3.1
41 silly currentTree ├── node-dir@0.1.16
41 silly currentTree ├─┬ node-libs-browser@2.0.0
41 silly currentTree │ └── string_decoder@0.10.31
41 silly currentTree ├── nopt@3.0.6
41 silly currentTree ├── normalize-package-data@2.3.8
41 silly currentTree ├── normalize-path@2.1.1
41 silly currentTree ├── normalize-range@0.1.2
41 silly currentTree ├── normalize-url@1.9.1
41 silly currentTree ├── nth-check@1.0.1
41 silly currentTree ├── num2fraction@1.2.2
41 silly currentTree ├── number-is-nan@1.0.1
41 silly currentTree ├── oauth-sign@0.8.2
41 silly currentTree ├── object-assign@4.1.1
41 silly currentTree ├── object-component@0.0.3
41 silly currentTree ├── object-hash@1.1.8
41 silly currentTree ├── object.omit@2.0.1
41 silly currentTree ├── on-finished@2.3.0
41 silly currentTree ├── once@1.4.0
41 silly currentTree ├── onetime@1.1.0
41 silly currentTree ├── opener@1.4.3
41 silly currentTree ├── opn@4.0.2
41 silly currentTree ├─┬ optimist@0.6.1
41 silly currentTree │ └── wordwrap@0.0.3
41 silly currentTree ├── optimize-css-assets-webpack-plugin@1.3.2
41 silly currentTree ├── optionator@0.8.2
41 silly currentTree ├── options@0.0.6
41 silly currentTree ├─┬ ora@1.2.0
41 silly currentTree │ ├── cli-cursor@2.1.0
41 silly currentTree │ ├── onetime@2.0.1
41 silly currentTree │ └── restore-cursor@2.0.0
41 silly currentTree ├── os-browserify@0.2.1
41 silly currentTree ├── os-homedir@1.0.2
41 silly currentTree ├── os-locale@1.4.0
41 silly currentTree ├── os-tmpdir@1.0.2
41 silly currentTree ├── p-limit@1.1.0
41 silly currentTree ├── p-locate@2.0.0
41 silly currentTree ├── pako@0.2.9
41 silly currentTree ├── param-case@2.1.1
41 silly currentTree ├── parse-asn1@5.1.0
41 silly currentTree ├── parse-glob@3.0.4
41 silly currentTree ├── parse-json@2.2.0
41 silly currentTree ├── parsejson@0.0.3
41 silly currentTree ├── parseqs@0.0.5
41 silly currentTree ├── parseuri@0.0.5
41 silly currentTree ├── parseurl@1.3.1
41 silly currentTree ├── path-browserify@0.0.0
41 silly currentTree ├── path-exists@2.1.0
41 silly currentTree ├── path-is-absolute@1.0.1
41 silly currentTree ├── path-is-inside@1.0.2
41 silly currentTree ├── path-parse@1.0.5
41 silly currentTree ├── path-to-regexp@0.1.7
41 silly currentTree ├── path-type@1.1.0
41 silly currentTree ├── pbkdf2@3.0.12
41 silly currentTree ├── pend@1.2.0
41 silly currentTree ├─┬ phantomjs-prebuilt@2.1.14
41 silly currentTree │ └── fs-extra@1.0.0
41 silly currentTree ├── pify@2.3.0
41 silly currentTree ├── pinkie-promise@2.0.1
41 silly currentTree ├── pinkie@2.0.4
41 silly currentTree ├── pkg-dir@1.0.0
41 silly currentTree ├── pluralize@1.2.1
41 silly currentTree ├── postcss-calc@5.3.1
41 silly currentTree ├── postcss-colormin@2.2.2
41 silly currentTree ├── postcss-convert-values@2.6.1
41 silly currentTree ├── postcss-discard-comments@2.0.4
41 silly currentTree ├── postcss-discard-duplicates@2.1.0
41 silly currentTree ├── postcss-discard-empty@2.1.0
41 silly currentTree ├── postcss-discard-overridden@0.1.1
41 silly currentTree ├── postcss-discard-unused@2.2.3
41 silly currentTree ├── postcss-filter-plugins@2.0.2
41 silly currentTree ├── postcss-load-config@1.2.0
41 silly currentTree ├── postcss-load-options@1.2.0
41 silly currentTree ├── postcss-load-plugins@2.3.0
41 silly currentTree ├── postcss-merge-idents@2.1.7
41 silly currentTree ├── postcss-merge-longhand@2.0.2
41 silly currentTree ├── postcss-merge-rules@2.1.2
41 silly currentTree ├── postcss-message-helpers@2.0.0
41 silly currentTree ├── postcss-minify-font-values@1.0.5
41 silly currentTree ├── postcss-minify-gradients@1.0.5
41 silly currentTree ├── postcss-minify-params@1.2.2
41 silly currentTree ├── postcss-minify-selectors@2.1.1
41 silly currentTree ├─┬ postcss-modules-extract-imports@1.1.0
41 silly currentTree │ └── postcss@6.0.1
41 silly currentTree ├─┬ postcss-modules-local-by-default@1.2.0
41 silly currentTree │ └── postcss@6.0.1
41 silly currentTree ├─┬ postcss-modules-scope@1.1.0
41 silly currentTree │ └── postcss@6.0.1
41 silly currentTree ├─┬ postcss-modules-values@1.3.0
41 silly currentTree │ └── postcss@6.0.1
41 silly currentTree ├── postcss-normalize-charset@1.1.1
41 silly currentTree ├── postcss-normalize-url@3.0.8
41 silly currentTree ├── postcss-ordered-values@2.2.3
41 silly currentTree ├── postcss-reduce-idents@2.4.0
41 silly currentTree ├── postcss-reduce-initial@1.0.1
41 silly currentTree ├── postcss-reduce-transforms@1.0.4
41 silly currentTree ├── postcss-selector-parser@2.2.3
41 silly currentTree ├── postcss-svgo@2.1.6
41 silly currentTree ├── postcss-unique-selectors@2.0.2
41 silly currentTree ├── postcss-value-parser@3.3.0
41 silly currentTree ├── postcss-zindex@2.2.0
41 silly currentTree ├── postcss@5.2.17
41 silly currentTree ├── prelude-ls@1.1.2
41 silly currentTree ├── prepend-http@1.0.4
41 silly currentTree ├── preserve@0.2.0
41 silly currentTree ├── pretty-error@2.1.0
41 silly currentTree ├── private@0.1.7
41 silly currentTree ├── process-nextick-args@1.0.7
41 silly currentTree ├── process@0.11.10
41 silly currentTree ├── progress@1.1.8
41 silly currentTree ├── proto-list@1.2.4
41 silly currentTree ├── proxy-addr@1.1.4
41 silly currentTree ├── prr@0.0.0
41 silly currentTree ├── pseudomap@1.0.2
41 silly currentTree ├── public-encrypt@4.0.0
41 silly currentTree ├── punycode@1.4.1
41 silly currentTree ├── q@1.5.0
41 silly currentTree ├── qjobs@1.1.5
41 silly currentTree ├── qs@6.4.0
41 silly currentTree ├── query-string@4.3.4
41 silly currentTree ├── querystring-es3@0.2.1
41 silly currentTree ├── querystring@0.2.0
41 silly currentTree ├── randomatic@1.1.6
41 silly currentTree ├── randombytes@2.0.3
41 silly currentTree ├── range-parser@1.2.0
41 silly currentTree ├── raw-body@2.2.0
41 silly currentTree ├── read-pkg-up@1.0.1
41 silly currentTree ├── read-pkg@1.1.0
41 silly currentTree ├── readable-stream@2.2.9
41 silly currentTree ├── readdirp@2.1.0
41 silly currentTree ├── readline2@1.0.1
41 silly currentTree ├── rechoir@0.6.2
41 silly currentTree ├── redent@1.0.0
41 silly currentTree ├── reduce-css-calc@1.3.0
41 silly currentTree ├── reduce-function-call@1.0.2
41 silly currentTree ├── regenerate@1.3.2
41 silly currentTree ├── regenerator-runtime@0.10.5
41 silly currentTree ├── regenerator-transform@0.9.11
41 silly currentTree ├── regex-cache@0.4.3
41 silly currentTree ├── regexpu-core@2.0.0
41 silly currentTree ├── regjsgen@0.2.0
41 silly currentTree ├─┬ regjsparser@0.1.5
41 silly currentTree │ └── jsesc@0.5.0
41 silly currentTree ├── relateurl@0.2.7
41 silly currentTree ├── remove-trailing-separator@1.0.1
41 silly currentTree ├─┬ renderkid@2.0.1
41 silly currentTree │ ├── domhandler@2.1.0
41 silly currentTree │ ├── domutils@1.1.6
41 silly currentTree │ ├── htmlparser2@3.3.0
41 silly currentTree │ ├── isarray@0.0.1
41 silly currentTree │ ├── readable-stream@1.0.34
41 silly currentTree │ ├── string_decoder@0.10.31
41 silly currentTree │ └── utila@0.3.3
41 silly currentTree ├── repeat-element@1.1.2
41 silly currentTree ├── repeat-string@1.6.1
41 silly currentTree ├── repeating@2.0.1
41 silly currentTree ├── request-progress@2.0.1
41 silly currentTree ├─┬ request@2.79.0
41 silly currentTree │ └── qs@6.3.2
41 silly currentTree ├── require-directory@2.1.1
41 silly currentTree ├── require-from-string@1.2.1
41 silly currentTree ├── require-main-filename@1.0.1
41 silly currentTree ├── require-uncached@1.0.3
41 silly currentTree ├── requires-port@1.0.0
41 silly currentTree ├── resolve-from@1.0.1
41 silly currentTree ├── resolve@1.3.3
41 silly currentTree ├── restore-cursor@1.0.1
41 silly currentTree ├── right-align@0.1.3
41 silly currentTree ├─┬ rimraf@2.6.1
41 silly currentTree │ └── glob@7.1.2
41 silly currentTree ├── ripemd160@2.0.1
41 silly currentTree ├── run-async@0.1.0
41 silly currentTree ├── rx-lite@3.1.2
41 silly currentTree ├── safe-buffer@5.0.1
41 silly currentTree ├── samsam@1.2.1
41 silly currentTree ├── sax@1.2.2
41 silly currentTree ├── semver@5.3.0
41 silly currentTree ├─┬ send@0.15.3
41 silly currentTree │ └── debug@2.6.7
41 silly currentTree ├── serve-static@1.12.3
41 silly currentTree ├── set-blocking@2.0.0
41 silly currentTree ├── set-immediate-shim@1.0.1
41 silly currentTree ├── setimmediate@1.0.5
41 silly currentTree ├── setprototypeof@1.0.3
41 silly currentTree ├── sha.js@2.4.8
41 silly currentTree ├── shebang-command@1.2.0
41 silly currentTree ├── shebang-regex@1.0.0
41 silly currentTree ├─┬ shelljs@0.7.7
41 silly currentTree │ └── glob@7.1.2
41 silly currentTree ├── sigmund@1.0.1
41 silly currentTree ├── signal-exit@3.0.2
41 silly currentTree ├── sinon-chai@2.10.0
41 silly currentTree ├─┬ sinon@2.3.2
41 silly currentTree │ ├── isarray@0.0.1
41 silly currentTree │ ├── path-to-regexp@1.7.0
41 silly currentTree │ └── type-detect@4.0.3
41 silly currentTree ├── slash@1.0.0
41 silly currentTree ├── slice-ansi@0.0.4
41 silly currentTree ├── sntp@1.0.9
41 silly currentTree ├─┬ socket.io-adapter@0.5.0
41 silly currentTree │ ├── debug@2.3.3
41 silly currentTree │ └── ms@0.7.2
41 silly currentTree ├─┬ socket.io-client@1.7.3
41 silly currentTree │ ├── component-emitter@1.2.1
41 silly currentTree │ ├── debug@2.3.3
41 silly currentTree │ └── ms@0.7.2
41 silly currentTree ├─┬ socket.io-parser@2.3.1
41 silly currentTree │ ├── debug@2.2.0
41 silly currentTree │ ├── isarray@0.0.1
41 silly currentTree │ └── ms@0.7.1
41 silly currentTree ├─┬ socket.io@1.7.3
41 silly currentTree │ ├── debug@2.3.3
41 silly currentTree │ ├── ms@0.7.2
41 silly currentTree │ └── object-assign@4.1.0
41 silly currentTree ├── sort-keys@1.1.2
41 silly currentTree ├── source-list-map@0.1.8
41 silly currentTree ├── source-map-support@0.4.15
41 silly currentTree ├── source-map@0.5.6
41 silly currentTree ├── spdx-correct@1.0.2
41 silly currentTree ├── spdx-expression-parse@1.0.4
41 silly currentTree ├── spdx-license-ids@1.2.2
41 silly currentTree ├── sprintf-js@1.0.3
41 silly currentTree ├─┬ sshpk@1.13.0
41 silly currentTree │ └── assert-plus@1.0.0
41 silly currentTree ├── stackframe@1.0.3
41 silly currentTree ├── statuses@1.3.1
41 silly currentTree ├── stream-browserify@2.0.1
41 silly currentTree ├── stream-http@2.7.1
41 silly currentTree ├── strict-uri-encode@1.1.0
41 silly currentTree ├── string_decoder@1.0.1
41 silly currentTree ├── string-length@1.0.1
41 silly currentTree ├── string-width@1.0.2
41 silly currentTree ├── stringstream@0.0.5
41 silly currentTree ├── strip-ansi@3.0.1
41 silly currentTree ├── strip-bom@2.0.0
41 silly currentTree ├── strip-indent@1.0.1
41 silly currentTree ├── strip-json-comments@2.0.1
41 silly currentTree ├── supports-color@3.2.3
41 silly currentTree ├── svgo@0.7.2
41 silly currentTree ├─┬ table@3.8.3
41 silly currentTree │ ├── is-fullwidth-code-point@2.0.0
41 silly currentTree │ └── string-width@2.0.0
41 silly currentTree ├── tapable@0.2.6
41 silly currentTree ├── test-exclude@4.1.0
41 silly currentTree ├── text-encoding@0.6.4
41 silly currentTree ├── text-table@0.2.0
41 silly currentTree ├── throttleit@1.0.0
41 silly currentTree ├── through@2.3.8
41 silly currentTree ├── timed-out@4.0.1
41 silly currentTree ├── timers-browserify@2.0.2
41 silly currentTree ├── tmp@0.0.31
41 silly currentTree ├── to-array@0.1.4
41 silly currentTree ├── to-arraybuffer@1.0.1
41 silly currentTree ├── to-fast-properties@1.0.3
41 silly currentTree ├── toposort@1.0.3
41 silly currentTree ├── tough-cookie@2.3.2
41 silly currentTree ├── trim-newlines@1.0.0
41 silly currentTree ├── trim-right@1.0.1
41 silly currentTree ├── tryit@1.0.3
41 silly currentTree ├── tty-browserify@0.0.0
41 silly currentTree ├── tunnel-agent@0.4.3
41 silly currentTree ├── tweetnacl@0.14.5
41 silly currentTree ├── type-check@0.3.2
41 silly currentTree ├── type-detect@1.0.0
41 silly currentTree ├── type-is@1.6.15
41 silly currentTree ├── typedarray@0.0.6
41 silly currentTree ├── uglify-js@3.0.11
41 silly currentTree ├── uglify-to-browserify@1.0.2
41 silly currentTree ├── ultron@1.0.2
41 silly currentTree ├── underscore@1.8.3
41 silly currentTree ├── uniq@1.0.1
41 silly currentTree ├── uniqid@4.1.1
41 silly currentTree ├── uniqs@2.0.0
41 silly currentTree ├── unpipe@1.0.0
41 silly currentTree ├── unzip-response@2.0.1
41 silly currentTree ├── upper-case@1.1.3
41 silly currentTree ├─┬ url-loader@0.5.8
41 silly currentTree │ └── loader-utils@1.1.0
41 silly currentTree ├── url-parse-lax@1.0.0
41 silly currentTree ├─┬ url@0.11.0
41 silly currentTree │ └── punycode@1.3.2
41 silly currentTree ├── user-home@2.0.0
41 silly currentTree ├─┬ useragent@2.1.13
41 silly currentTree │ └── lru-cache@2.2.4
41 silly currentTree ├── util-deprecate@1.0.2
41 silly currentTree ├─┬ util@0.10.3
41 silly currentTree │ └── inherits@2.0.1
41 silly currentTree ├── utila@0.4.0
41 silly currentTree ├── utils-merge@1.0.0
41 silly currentTree ├── uuid@3.0.1
41 silly currentTree ├── validate-npm-package-license@3.0.1
41 silly currentTree ├── vary@1.1.1
41 silly currentTree ├── vendors@1.0.1
41 silly currentTree ├── verror@1.3.6
41 silly currentTree ├── vm-browserify@0.0.4
41 silly currentTree ├── void-elements@2.0.1
41 silly currentTree ├── vue-axios@2.0.2
41 silly currentTree ├── vue-hot-reload-api@2.1.0
41 silly currentTree ├─┬ vue-loader@12.1.1
41 silly currentTree │ └── loader-utils@1.1.0
41 silly currentTree ├── vue-resource@1.3.3
41 silly currentTree ├── vue-router@2.5.3
41 silly currentTree ├─┬ vue-style-loader@3.0.1
41 silly currentTree │ └── loader-utils@1.1.0
41 silly currentTree ├── vue-template-compiler@2.3.3
41 silly currentTree ├── vue-template-es2015-compiler@1.5.2
41 silly currentTree ├── vue@2.3.3
41 silly currentTree ├── watchpack@1.3.1
41 silly currentTree ├─┬ webpack-bundle-analyzer@2.8.2
41 silly currentTree │ ├── ultron@1.1.0
41 silly currentTree │ └── ws@2.3.1
41 silly currentTree ├── webpack-dev-middleware@1.10.2
41 silly currentTree ├── webpack-hot-middleware@2.18.0
41 silly currentTree ├── webpack-merge@4.1.0
41 silly currentTree ├── webpack-sources@0.1.5
41 silly currentTree ├─┬ webpack@2.6.1
41 silly currentTree │ ├── camelcase@1.2.1
41 silly currentTree │ ├── source-list-map@1.1.2
41 silly currentTree │ ├─┬ uglify-js@2.8.27
41 silly currentTree │ │ └── yargs@3.10.0
41 silly currentTree │ ├── webpack-sources@0.2.3
41 silly currentTree │ └─┬ yargs@6.6.0
41 silly currentTree │   ├── camelcase@3.0.0
41 silly currentTree │   └── cliui@3.2.0
41 silly currentTree ├── whet.extend@0.9.9
41 silly currentTree ├── which-module@1.0.0
41 silly currentTree ├── which@1.2.14
41 silly currentTree ├── window-size@0.1.0
41 silly currentTree ├── wordwrap@1.0.0
41 silly currentTree ├── wrap-ansi@2.1.0
41 silly currentTree ├── wrappy@1.0.2
41 silly currentTree ├── write@0.2.1
41 silly currentTree ├── ws@1.1.2
41 silly currentTree ├── wtf-8@1.0.0
41 silly currentTree ├── xml-char-classes@1.0.0
41 silly currentTree ├── xmlhttprequest-ssl@1.5.3
41 silly currentTree ├── xtend@4.0.1
41 silly currentTree ├── y18n@3.2.1
41 silly currentTree ├── yallist@2.1.2
41 silly currentTree ├─┬ yargs-parser@4.2.1
41 silly currentTree │ └── camelcase@3.0.0
41 silly currentTree ├─┬ yargs@3.10.0
41 silly currentTree │ └── camelcase@1.2.1
41 silly currentTree ├── yauzl@2.4.1
41 silly currentTree └── yeast@0.1.2
42 silly idealTree voat@1.0.0
42 silly idealTree ├── abbrev@1.0.9
42 silly idealTree ├── accepts@1.3.3
42 silly idealTree ├─┬ acorn-dynamic-import@2.0.2
42 silly idealTree │ └── acorn@4.0.13
42 silly idealTree ├─┬ acorn-jsx@3.0.1
42 silly idealTree │ └── acorn@3.3.0
42 silly idealTree ├── acorn@5.0.3
42 silly idealTree ├── after@0.8.2
42 silly idealTree ├── ajv-keywords@1.5.1
42 silly idealTree ├── ajv@4.11.8
42 silly idealTree ├── align-text@0.1.4
42 silly idealTree ├── alphanum-sort@1.0.2
42 silly idealTree ├── amdefine@1.0.1
42 silly idealTree ├── ansi-escapes@1.4.0
42 silly idealTree ├── ansi-html@0.0.7
42 silly idealTree ├── ansi-regex@2.1.1
42 silly idealTree ├── ansi-styles@2.2.1
42 silly idealTree ├── anymatch@1.3.0
42 silly idealTree ├── argparse@1.0.9
42 silly idealTree ├── arr-diff@2.0.0
42 silly idealTree ├── arr-flatten@1.0.3
42 silly idealTree ├── array-find-index@1.0.2
42 silly idealTree ├── array-flatten@1.1.1
42 silly idealTree ├── array-slice@0.2.3
42 silly idealTree ├── array-union@1.0.2
42 silly idealTree ├── array-uniq@1.0.3
42 silly idealTree ├── array-unique@0.2.1
42 silly idealTree ├── arraybuffer.slice@0.0.6
42 silly idealTree ├── arrify@1.0.1
42 silly idealTree ├── asn1.js@4.9.1
42 silly idealTree ├── asn1@0.2.3
42 silly idealTree ├── assert-plus@0.2.0
42 silly idealTree ├── assert@1.4.1
42 silly idealTree ├── assertion-error@1.0.2
42 silly idealTree ├── async-each@1.0.1
42 silly idealTree ├── async@2.4.1
42 silly idealTree ├── asynckit@0.4.0
42 silly idealTree ├── autoprefixer@6.7.7
42 silly idealTree ├── aws-sign2@0.6.0
42 silly idealTree ├── aws4@1.6.0
42 silly idealTree ├── axios@0.16.1
42 silly idealTree ├── babel-code-frame@6.22.0
42 silly idealTree ├── babel-core@6.24.1
42 silly idealTree ├── babel-eslint@7.2.3
42 silly idealTree ├── babel-generator@6.24.1
42 silly idealTree ├── babel-helper-bindify-decorators@6.24.1
42 silly idealTree ├── babel-helper-builder-binary-assignment-operator-visitor@6.24.1
42 silly idealTree ├── babel-helper-call-delegate@6.24.1
42 silly idealTree ├── babel-helper-define-map@6.24.1
42 silly idealTree ├── babel-helper-explode-assignable-expression@6.24.1
42 silly idealTree ├── babel-helper-explode-class@6.24.1
42 silly idealTree ├── babel-helper-function-name@6.24.1
42 silly idealTree ├── babel-helper-get-function-arity@6.24.1
42 silly idealTree ├── babel-helper-hoist-variables@6.24.1
42 silly idealTree ├── babel-helper-optimise-call-expression@6.24.1
42 silly idealTree ├── babel-helper-regex@6.24.1
42 silly idealTree ├── babel-helper-remap-async-to-generator@6.24.1
42 silly idealTree ├── babel-helper-replace-supers@6.24.1
42 silly idealTree ├── babel-helpers@6.24.1
42 silly idealTree ├── babel-loader@6.4.1
42 silly idealTree ├── babel-messages@6.23.0
42 silly idealTree ├── babel-plugin-check-es2015-constants@6.22.0
42 silly idealTree ├─┬ babel-plugin-istanbul@4.1.3
42 silly idealTree │ └── find-up@2.1.0
42 silly idealTree ├── babel-plugin-syntax-async-functions@6.13.0
42 silly idealTree ├── babel-plugin-syntax-async-generators@6.13.0
42 silly idealTree ├── babel-plugin-syntax-class-properties@6.13.0
42 silly idealTree ├── babel-plugin-syntax-decorators@6.13.0
42 silly idealTree ├── babel-plugin-syntax-dynamic-import@6.18.0
42 silly idealTree ├── babel-plugin-syntax-exponentiation-operator@6.13.0
42 silly idealTree ├── babel-plugin-syntax-object-rest-spread@6.13.0
42 silly idealTree ├── babel-plugin-syntax-trailing-function-commas@6.22.0
42 silly idealTree ├── babel-plugin-transform-async-generator-functions@6.24.1
42 silly idealTree ├── babel-plugin-transform-async-to-generator@6.24.1
42 silly idealTree ├── babel-plugin-transform-class-properties@6.24.1
42 silly idealTree ├── babel-plugin-transform-decorators@6.24.1
42 silly idealTree ├── babel-plugin-transform-es2015-arrow-functions@6.22.0
42 silly idealTree ├── babel-plugin-transform-es2015-block-scoped-functions@6.22.0
42 silly idealTree ├── babel-plugin-transform-es2015-block-scoping@6.24.1
42 silly idealTree ├── babel-plugin-transform-es2015-classes@6.24.1
42 silly idealTree ├── babel-plugin-transform-es2015-computed-properties@6.24.1
42 silly idealTree ├── babel-plugin-transform-es2015-destructuring@6.23.0
42 silly idealTree ├── babel-plugin-transform-es2015-duplicate-keys@6.24.1
42 silly idealTree ├── babel-plugin-transform-es2015-for-of@6.23.0
42 silly idealTree ├── babel-plugin-transform-es2015-function-name@6.24.1
42 silly idealTree ├── babel-plugin-transform-es2015-literals@6.22.0
42 silly idealTree ├── babel-plugin-transform-es2015-modules-amd@6.24.1
42 silly idealTree ├── babel-plugin-transform-es2015-modules-commonjs@6.24.1
42 silly idealTree ├── babel-plugin-transform-es2015-modules-systemjs@6.24.1
42 silly idealTree ├── babel-plugin-transform-es2015-modules-umd@6.24.1
42 silly idealTree ├── babel-plugin-transform-es2015-object-super@6.24.1
42 silly idealTree ├── babel-plugin-transform-es2015-parameters@6.24.1
42 silly idealTree ├── babel-plugin-transform-es2015-shorthand-properties@6.24.1
42 silly idealTree ├── babel-plugin-transform-es2015-spread@6.22.0
42 silly idealTree ├── babel-plugin-transform-es2015-sticky-regex@6.24.1
42 silly idealTree ├── babel-plugin-transform-es2015-template-literals@6.22.0
42 silly idealTree ├── babel-plugin-transform-es2015-typeof-symbol@6.23.0
42 silly idealTree ├── babel-plugin-transform-es2015-unicode-regex@6.24.1
42 silly idealTree ├── babel-plugin-transform-exponentiation-operator@6.24.1
42 silly idealTree ├── babel-plugin-transform-object-rest-spread@6.23.0
42 silly idealTree ├── babel-plugin-transform-regenerator@6.24.1
42 silly idealTree ├── babel-plugin-transform-runtime@6.23.0
42 silly idealTree ├── babel-plugin-transform-strict-mode@6.24.1
42 silly idealTree ├─┬ babel-preset-env@1.5.1
42 silly idealTree │ └── browserslist@2.1.4
42 silly idealTree ├── babel-preset-stage-2@6.24.1
42 silly idealTree ├── babel-preset-stage-3@6.24.1
42 silly idealTree ├── babel-register@6.24.1
42 silly idealTree ├── babel-runtime@6.23.0
42 silly idealTree ├── babel-template@6.24.1
42 silly idealTree ├── babel-traverse@6.24.1
42 silly idealTree ├── babel-types@6.24.1
42 silly idealTree ├── babylon@6.17.1
42 silly idealTree ├── backo2@1.0.2
42 silly idealTree ├── balanced-match@0.4.2
42 silly idealTree ├── base64-arraybuffer@0.1.5
42 silly idealTree ├── base64-js@1.2.0
42 silly idealTree ├── base64id@1.0.0
42 silly idealTree ├── bcrypt-pbkdf@1.0.1
42 silly idealTree ├── better-assert@1.0.2
42 silly idealTree ├── big.js@3.1.3
42 silly idealTree ├── binary-extensions@1.8.0
42 silly idealTree ├── blob@0.0.4
42 silly idealTree ├── bluebird@2.11.0
42 silly idealTree ├── bn.js@4.11.6
42 silly idealTree ├─┬ body-parser@1.17.2
42 silly idealTree │ └── debug@2.6.7
42 silly idealTree ├── boolbase@1.0.0
42 silly idealTree ├── boom@2.10.1
42 silly idealTree ├── brace-expansion@1.1.7
42 silly idealTree ├── braces@1.8.5
42 silly idealTree ├── brorand@1.1.0
42 silly idealTree ├── browser-stdout@1.3.0
42 silly idealTree ├── browserify-aes@1.0.6
42 silly idealTree ├── browserify-cipher@1.0.0
42 silly idealTree ├── browserify-des@1.0.0
42 silly idealTree ├── browserify-rsa@4.0.1
42 silly idealTree ├── browserify-sign@4.0.4
42 silly idealTree ├── browserify-zlib@0.1.4
42 silly idealTree ├── browserslist@1.7.7
42 silly idealTree ├── buffer-shims@1.0.0
42 silly idealTree ├── buffer-xor@1.0.3
42 silly idealTree ├── buffer@4.9.1
42 silly idealTree ├── builtin-modules@1.1.1
42 silly idealTree ├── builtin-status-codes@3.0.0
42 silly idealTree ├── bytes@2.4.0
42 silly idealTree ├── caller-path@0.1.0
42 silly idealTree ├── callsite@1.0.0
42 silly idealTree ├── callsites@0.2.0
42 silly idealTree ├── camel-case@3.0.0
42 silly idealTree ├── camelcase-keys@2.1.0
42 silly idealTree ├── camelcase@2.1.1
42 silly idealTree ├── caniuse-api@1.6.1
42 silly idealTree ├── caniuse-db@1.0.30000672
42 silly idealTree ├── caniuse-lite@1.0.30000672
42 silly idealTree ├── capture-stack-trace@1.0.0
42 silly idealTree ├── caseless@0.11.0
42 silly idealTree ├── center-align@0.1.3
42 silly idealTree ├── chai@3.5.0
42 silly idealTree ├─┬ chalk@1.1.3
42 silly idealTree │ └── supports-color@2.0.0
42 silly idealTree ├── chokidar@1.7.0
42 silly idealTree ├── cipher-base@1.0.3
42 silly idealTree ├── circular-json@0.3.1
42 silly idealTree ├── clap@1.1.3
42 silly idealTree ├── clean-css@4.1.3
42 silly idealTree ├── cli-cursor@1.0.2
42 silly idealTree ├── cli-spinners@1.0.0
42 silly idealTree ├── cli-width@2.1.0
42 silly idealTree ├─┬ cliui@2.1.0
42 silly idealTree │ └── wordwrap@0.0.2
42 silly idealTree ├── clone@1.0.2
42 silly idealTree ├── co@4.6.0
42 silly idealTree ├── coa@1.0.2
42 silly idealTree ├── code-point-at@1.1.0
42 silly idealTree ├── color-convert@1.9.0
42 silly idealTree ├── color-name@1.1.2
42 silly idealTree ├── color-string@0.3.0
42 silly idealTree ├── color@0.11.4
42 silly idealTree ├── colormin@1.1.2
42 silly idealTree ├── colors@1.1.2
42 silly idealTree ├── combine-lists@1.0.1
42 silly idealTree ├── combined-stream@1.0.5
42 silly idealTree ├── commander@2.9.0
42 silly idealTree ├── commondir@1.0.1
42 silly idealTree ├── component-bind@1.0.0
42 silly idealTree ├── component-emitter@1.1.2
42 silly idealTree ├── component-inherit@0.0.3
42 silly idealTree ├── concat-map@0.0.1
42 silly idealTree ├── concat-stream@1.6.0
42 silly idealTree ├── config-chain@1.1.11
42 silly idealTree ├── connect-history-api-fallback@1.3.0
42 silly idealTree ├─┬ connect@3.6.2
42 silly idealTree │ └── debug@2.6.7
42 silly idealTree ├── console-browserify@1.1.0
42 silly idealTree ├─┬ consolidate@0.14.5
42 silly idealTree │ └── bluebird@3.5.0
42 silly idealTree ├── constants-browserify@1.0.0
42 silly idealTree ├── content-disposition@0.5.2
42 silly idealTree ├── content-type@1.0.2
42 silly idealTree ├── convert-source-map@1.5.0
42 silly idealTree ├── cookie-signature@1.0.6
42 silly idealTree ├── cookie@0.3.1
42 silly idealTree ├─┬ copy-webpack-plugin@4.0.1
42 silly idealTree │ ├── is-extglob@2.1.1
42 silly idealTree │ └── is-glob@3.1.0
42 silly idealTree ├── core-js@2.4.1
42 silly idealTree ├── core-util-is@1.0.2
42 silly idealTree ├─┬ cosmiconfig@2.1.3
42 silly idealTree │ └── minimist@1.2.0
42 silly idealTree ├── create-ecdh@4.0.0
42 silly idealTree ├── create-error-class@3.0.2
42 silly idealTree ├── create-hash@1.1.3
42 silly idealTree ├── create-hmac@1.1.6
42 silly idealTree ├── cross-env@4.0.0
42 silly idealTree ├── cross-spawn@5.1.0
42 silly idealTree ├── cryptiles@2.0.5
42 silly idealTree ├── crypto-browserify@3.11.0
42 silly idealTree ├── css-color-names@0.0.4
42 silly idealTree ├─┬ css-loader@0.28.3
42 silly idealTree │ └── loader-utils@1.1.0
42 silly idealTree ├─┬ css-select@1.2.0
42 silly idealTree │ └── domutils@1.5.1
42 silly idealTree ├─┬ css-selector-tokenizer@0.7.0
42 silly idealTree │ └── regexpu-core@1.0.0
42 silly idealTree ├── css-what@2.1.0
42 silly idealTree ├── cssesc@0.1.0
42 silly idealTree ├── cssnano@3.10.0
42 silly idealTree ├── csso@2.3.2
42 silly idealTree ├── currently-unhandled@0.4.1
42 silly idealTree ├── custom-event@1.0.1
42 silly idealTree ├── d@1.0.0
42 silly idealTree ├─┬ dashdash@1.14.1
42 silly idealTree │ └── assert-plus@1.0.0
42 silly idealTree ├── date-now@0.1.4
42 silly idealTree ├── dateformat@1.0.12
42 silly idealTree ├── de-indent@1.0.2
42 silly idealTree ├── debug@2.6.8
42 silly idealTree ├── decamelize@1.2.0
42 silly idealTree ├─┬ deep-eql@0.1.3
42 silly idealTree │ └── type-detect@0.1.1
42 silly idealTree ├── deep-is@0.1.3
42 silly idealTree ├── defined@1.0.0
42 silly idealTree ├── del@2.2.2
42 silly idealTree ├── delayed-stream@1.0.0
42 silly idealTree ├── depd@1.1.0
42 silly idealTree ├── des.js@1.0.0
42 silly idealTree ├── destroy@1.0.4
42 silly idealTree ├── detect-indent@4.0.0
42 silly idealTree ├── di@0.0.1
42 silly idealTree ├── diff@3.2.0
42 silly idealTree ├── diffie-hellman@5.0.2
42 silly idealTree ├── doctrine@2.0.0
42 silly idealTree ├─┬ dom-converter@0.1.4
42 silly idealTree │ └── utila@0.3.3
42 silly idealTree ├── dom-serialize@2.2.1
42 silly idealTree ├─┬ dom-serializer@0.1.0
42 silly idealTree │ └── domelementtype@1.1.3
42 silly idealTree ├── domain-browser@1.1.7
42 silly idealTree ├── domelementtype@1.3.0
42 silly idealTree ├── domhandler@2.4.1
42 silly idealTree ├── domutils@1.6.2
42 silly idealTree ├── duplexer@0.1.1
42 silly idealTree ├── duplexer3@0.1.4
42 silly idealTree ├── ecc-jsbn@0.1.1
42 silly idealTree ├─┬ editorconfig@0.13.2
42 silly idealTree │ ├── bluebird@3.5.0
42 silly idealTree │ └── lru-cache@3.2.0
42 silly idealTree ├── ee-first@1.1.1
42 silly idealTree ├── ejs@2.5.6
42 silly idealTree ├── electron-to-chromium@1.3.12
42 silly idealTree ├── elliptic@6.4.0
42 silly idealTree ├── emojis-list@2.1.0
42 silly idealTree ├── encodeurl@1.0.1
42 silly idealTree ├─┬ engine.io-client@1.8.3
42 silly idealTree │ ├── component-emitter@1.2.1
42 silly idealTree │ ├── debug@2.3.3
42 silly idealTree │ └── ms@0.7.2
42 silly idealTree ├── engine.io-parser@1.3.2
42 silly idealTree ├─┬ engine.io@1.8.3
42 silly idealTree │ ├── debug@2.3.3
42 silly idealTree │ └── ms@0.7.2
42 silly idealTree ├── enhanced-resolve@3.1.0
42 silly idealTree ├── ent@2.2.0
42 silly idealTree ├── entities@1.1.1
42 silly idealTree ├── errno@0.1.4
42 silly idealTree ├── error-ex@1.3.1
42 silly idealTree ├── error-stack-parser@2.0.1
42 silly idealTree ├── es5-ext@0.10.21
42 silly idealTree ├── es6-iterator@2.0.1
42 silly idealTree ├── es6-map@0.1.5
42 silly idealTree ├── es6-promise@4.0.5
42 silly idealTree ├── es6-set@0.1.5
42 silly idealTree ├── es6-symbol@3.1.1
42 silly idealTree ├── es6-weak-map@2.0.2
42 silly idealTree ├── escape-html@1.0.3
42 silly idealTree ├── escape-string-regexp@1.0.5
42 silly idealTree ├─┬ escodegen@1.8.1
42 silly idealTree │ ├── estraverse@1.9.3
42 silly idealTree │ └── source-map@0.2.0
42 silly idealTree ├── escope@3.6.0
42 silly idealTree ├── eslint-config-standard@6.2.1
42 silly idealTree ├─┬ eslint-friendly-formatter@2.0.7
42 silly idealTree │ └── minimist@1.2.0
42 silly idealTree ├─┬ eslint-loader@1.7.1
42 silly idealTree │ └── loader-utils@1.1.0
42 silly idealTree ├── eslint-plugin-html@2.0.3
42 silly idealTree ├── eslint-plugin-promise@3.5.0
42 silly idealTree ├── eslint-plugin-standard@2.3.1
42 silly idealTree ├─┬ eslint@3.19.0
42 silly idealTree │ ├── glob@7.1.2
42 silly idealTree │ └── strip-bom@3.0.0
42 silly idealTree ├── espree@3.4.3
42 silly idealTree ├── esprima@2.7.3
42 silly idealTree ├── esquery@1.0.0
42 silly idealTree ├─┬ esrecurse@4.1.0
42 silly idealTree │ └── estraverse@4.1.1
42 silly idealTree ├── estraverse@4.2.0
42 silly idealTree ├── esutils@2.0.2
42 silly idealTree ├── etag@1.8.0
42 silly idealTree ├── event-emitter@0.3.5
42 silly idealTree ├── eventemitter3@1.2.0
42 silly idealTree ├── events@1.1.1
42 silly idealTree ├── eventsource-polyfill@0.9.6
42 silly idealTree ├── evp_bytestokey@1.0.0
42 silly idealTree ├── exit-hook@1.1.1
42 silly idealTree ├─┬ expand-braces@0.1.2
42 silly idealTree │ ├── braces@0.1.5
42 silly idealTree │ ├── expand-range@0.1.1
42 silly idealTree │ ├── is-number@0.1.1
42 silly idealTree │ └── repeat-string@0.2.2
42 silly idealTree ├── expand-brackets@0.1.5
42 silly idealTree ├── expand-range@1.8.2
42 silly idealTree ├─┬ express@4.15.3
42 silly idealTree │ └── debug@2.6.7
42 silly idealTree ├── extend@3.0.1
42 silly idealTree ├── extglob@0.3.2
42 silly idealTree ├─┬ extract-text-webpack-plugin@2.1.0
42 silly idealTree │ └── loader-utils@1.1.0
42 silly idealTree ├─┬ extract-zip@1.5.0
42 silly idealTree │ ├── concat-stream@1.5.0
42 silly idealTree │ ├── debug@0.7.4
42 silly idealTree │ ├── mkdirp@0.5.0
42 silly idealTree │ ├── readable-stream@2.0.6
42 silly idealTree │ └── string_decoder@0.10.31
42 silly idealTree ├── extsprintf@1.0.2
42 silly idealTree ├── fast-levenshtein@2.0.6
42 silly idealTree ├── fastparse@1.1.1
42 silly idealTree ├── fd-slicer@1.0.1
42 silly idealTree ├── figures@1.7.0
42 silly idealTree ├── file-entry-cache@2.0.0
42 silly idealTree ├─┬ file-loader@0.11.1
42 silly idealTree │ └── loader-utils@1.1.0
42 silly idealTree ├── filename-regex@2.0.1
42 silly idealTree ├── filesize@3.5.10
42 silly idealTree ├── fill-range@2.2.3
42 silly idealTree ├─┬ finalhandler@1.0.3
42 silly idealTree │ └── debug@2.6.7
42 silly idealTree ├── find-cache-dir@0.1.1
42 silly idealTree ├── find-up@1.1.2
42 silly idealTree ├── flat-cache@1.2.2
42 silly idealTree ├── flatten@1.0.2
42 silly idealTree ├── follow-redirects@1.2.3
42 silly idealTree ├── for-in@1.0.2
42 silly idealTree ├── for-own@0.1.5
42 silly idealTree ├── forever-agent@0.6.1
42 silly idealTree ├── form-data@2.1.4
42 silly idealTree ├── formatio@1.2.0
42 silly idealTree ├── forwarded@0.1.0
42 silly idealTree ├── fresh@0.5.0
42 silly idealTree ├── friendly-errors-webpack-plugin@1.6.1
42 silly idealTree ├── fs-extra@0.26.7
42 silly idealTree ├── fs.realpath@1.0.0
42 silly idealTree ├── function-bind@1.1.0
42 silly idealTree ├── generate-function@2.0.0
42 silly idealTree ├── generate-object-property@1.2.0
42 silly idealTree ├── get-caller-file@1.0.2
42 silly idealTree ├── get-stdin@4.0.1
42 silly idealTree ├── get-stream@3.0.0
42 silly idealTree ├─┬ getpass@0.1.7
42 silly idealTree │ └── assert-plus@1.0.0
42 silly idealTree ├── glob-base@0.3.0
42 silly idealTree ├── glob-parent@2.0.0
42 silly idealTree ├── glob@6.0.4
42 silly idealTree ├── globals@9.17.0
42 silly idealTree ├─┬ globby@5.0.0
42 silly idealTree │ └── glob@7.1.2
42 silly idealTree ├── got@6.7.1
42 silly idealTree ├── graceful-fs@4.1.11
42 silly idealTree ├── graceful-readlink@1.0.1
42 silly idealTree ├── growl@1.9.2
42 silly idealTree ├── gzip-size@3.0.0
42 silly idealTree ├─┬ handlebars@4.0.10
42 silly idealTree │ ├── async@1.5.2
42 silly idealTree │ ├── source-map@0.4.4
42 silly idealTree │ └─┬ uglify-js@2.8.27
42 silly idealTree │   └── source-map@0.5.6
42 silly idealTree ├── har-validator@2.0.6
42 silly idealTree ├── has-ansi@2.0.0
42 silly idealTree ├─┬ has-binary@0.1.7
42 silly idealTree │ └── isarray@0.0.1
42 silly idealTree ├── has-cors@1.1.0
42 silly idealTree ├── has-flag@1.0.0
42 silly idealTree ├── has@1.0.1
42 silly idealTree ├── hash-base@2.0.2
42 silly idealTree ├── hash-sum@1.0.2
42 silly idealTree ├── hash.js@1.0.3
42 silly idealTree ├── hasha@2.2.0
42 silly idealTree ├── hawk@3.1.3
42 silly idealTree ├── he@1.1.1
42 silly idealTree ├── hmac-drbg@1.0.1
42 silly idealTree ├── hoek@2.16.3
42 silly idealTree ├── home-or-tmp@2.0.0
42 silly idealTree ├── hosted-git-info@2.4.2
42 silly idealTree ├── html-comment-regex@1.1.1
42 silly idealTree ├── html-entities@1.2.1
42 silly idealTree ├── html-minifier@3.5.2
42 silly idealTree ├─┬ html-webpack-plugin@2.28.0
42 silly idealTree │ └── bluebird@3.5.0
42 silly idealTree ├── htmlparser2@3.9.2
42 silly idealTree ├── http-errors@1.6.1
42 silly idealTree ├─┬ http-proxy-middleware@0.17.4
42 silly idealTree │ ├── is-extglob@2.1.1
42 silly idealTree │ └── is-glob@3.1.0
42 silly idealTree ├── http-proxy@1.16.2
42 silly idealTree ├── http-signature@1.1.1
42 silly idealTree ├── https-browserify@0.0.1
42 silly idealTree ├── iconv-lite@0.4.15
42 silly idealTree ├── icss-replace-symbols@1.1.0
42 silly idealTree ├── ieee754@1.1.8
42 silly idealTree ├── ignore@3.3.3
42 silly idealTree ├── imurmurhash@0.1.4
42 silly idealTree ├── indent-string@2.1.0
42 silly idealTree ├── indexes-of@1.0.1
42 silly idealTree ├── indexof@0.0.1
42 silly idealTree ├── inflight@1.0.6
42 silly idealTree ├── inherits@2.0.3
42 silly idealTree ├── ini@1.3.4
42 silly idealTree ├── inject-loader@3.0.0
42 silly idealTree ├── inquirer@0.12.0
42 silly idealTree ├── interpret@1.0.3
42 silly idealTree ├── invariant@2.2.2
42 silly idealTree ├── invert-kv@1.0.0
42 silly idealTree ├── ipaddr.js@1.3.0
42 silly idealTree ├── is-absolute-url@2.1.0
42 silly idealTree ├── is-arrayish@0.2.1
42 silly idealTree ├── is-binary-path@1.0.1
42 silly idealTree ├── is-buffer@1.1.5
42 silly idealTree ├── is-builtin-module@1.0.0
42 silly idealTree ├── is-directory@0.3.1
42 silly idealTree ├── is-dotfile@1.0.2
42 silly idealTree ├── is-equal-shallow@0.1.3
42 silly idealTree ├── is-extendable@0.1.1
42 silly idealTree ├── is-extglob@1.0.0
42 silly idealTree ├── is-finite@1.0.2
42 silly idealTree ├── is-fullwidth-code-point@1.0.0
42 silly idealTree ├── is-glob@2.0.1
42 silly idealTree ├── is-my-json-valid@2.16.0
42 silly idealTree ├── is-number@2.1.0
42 silly idealTree ├── is-path-cwd@1.0.0
42 silly idealTree ├── is-path-in-cwd@1.0.0
42 silly idealTree ├── is-path-inside@1.0.0
42 silly idealTree ├── is-plain-obj@1.1.0
42 silly idealTree ├── is-posix-bracket@0.1.1
42 silly idealTree ├── is-primitive@2.0.0
42 silly idealTree ├── is-property@1.0.2
42 silly idealTree ├── is-redirect@1.0.0
42 silly idealTree ├── is-resolvable@1.0.0
42 silly idealTree ├── is-retry-allowed@1.1.0
42 silly idealTree ├── is-stream@1.1.0
42 silly idealTree ├── is-svg@2.1.0
42 silly idealTree ├── is-typedarray@1.0.0
42 silly idealTree ├── is-utf8@0.2.1
42 silly idealTree ├── is-windows@1.0.1
42 silly idealTree ├── isarray@1.0.0
42 silly idealTree ├── isbinaryfile@3.0.2
42 silly idealTree ├── isexe@2.0.0
42 silly idealTree ├── isobject@2.1.0
42 silly idealTree ├── isstream@0.1.2
42 silly idealTree ├── istanbul-lib-coverage@1.1.0
42 silly idealTree ├── istanbul-lib-instrument@1.7.1
42 silly idealTree ├─┬ istanbul@0.4.5
42 silly idealTree │ ├── async@1.5.2
42 silly idealTree │ ├── glob@5.0.15
42 silly idealTree │ └── resolve@1.1.7
42 silly idealTree ├── jodid25519@1.0.2
42 silly idealTree ├── js-base64@2.1.9
42 silly idealTree ├── js-beautify@1.6.14
42 silly idealTree ├── js-tokens@3.0.1
42 silly idealTree ├── js-yaml@3.7.0
42 silly idealTree ├── jsbn@0.1.1
42 silly idealTree ├── jsesc@1.3.0
42 silly idealTree ├── json-loader@0.5.4
42 silly idealTree ├── json-schema@0.2.3
42 silly idealTree ├── json-stable-stringify@1.0.1
42 silly idealTree ├── json-stringify-safe@5.0.1
42 silly idealTree ├── json3@3.3.2
42 silly idealTree ├── json5@0.5.1
42 silly idealTree ├── jsonfile@2.4.0
42 silly idealTree ├── jsonify@0.0.0
42 silly idealTree ├── jsonpointer@4.0.1
42 silly idealTree ├─┬ jsprim@1.4.0
42 silly idealTree │ └── assert-plus@1.0.0
42 silly idealTree ├─┬ karma-coverage@1.1.1
42 silly idealTree │ └── lodash@3.10.1
42 silly idealTree ├─┬ karma-mocha@1.3.0
42 silly idealTree │ └── minimist@1.2.0
42 silly idealTree ├── karma-phantomjs-launcher@1.0.4
42 silly idealTree ├── karma-phantomjs-shim@1.4.0
42 silly idealTree ├── karma-sinon-chai@1.3.1
42 silly idealTree ├── karma-sourcemap-loader@0.3.7
42 silly idealTree ├── karma-spec-reporter@0.0.30
42 silly idealTree ├─┬ karma-webpack@2.0.3
42 silly idealTree │ ├── async@0.9.2
42 silly idealTree │ ├── lodash@3.10.1
42 silly idealTree │ └── source-map@0.1.43
42 silly idealTree ├─┬ karma@1.7.0
42 silly idealTree │ ├── bluebird@3.5.0
42 silly idealTree │ ├── glob@7.1.2
42 silly idealTree │ └── lodash@3.10.1
42 silly idealTree ├── kew@0.7.0
42 silly idealTree ├── kind-of@3.2.2
42 silly idealTree ├── klaw@1.3.1
42 silly idealTree ├── lazy-cache@1.0.4
42 silly idealTree ├── lcid@1.0.0
42 silly idealTree ├── levn@0.3.0
42 silly idealTree ├── load-json-file@1.1.0
42 silly idealTree ├── loader-fs-cache@1.0.1
42 silly idealTree ├── loader-runner@2.3.0
42 silly idealTree ├── loader-utils@0.2.17
42 silly idealTree ├─┬ locate-path@2.0.0
42 silly idealTree │ └── path-exists@3.0.0
42 silly idealTree ├── lodash._baseassign@3.2.0
42 silly idealTree ├── lodash._basecopy@3.0.1
42 silly idealTree ├── lodash._basecreate@3.0.3
42 silly idealTree ├── lodash._getnative@3.9.1
42 silly idealTree ├── lodash._isiterateecall@3.0.9
42 silly idealTree ├── lodash.camelcase@4.3.0
42 silly idealTree ├── lodash.create@3.1.1
42 silly idealTree ├── lodash.isarguments@3.1.0
42 silly idealTree ├── lodash.isarray@3.0.4
42 silly idealTree ├── lodash.keys@3.1.2
42 silly idealTree ├── lodash.memoize@4.1.2
42 silly idealTree ├── lodash.uniq@4.5.0
42 silly idealTree ├── lodash@4.17.4
42 silly idealTree ├── log-symbols@1.0.2
42 silly idealTree ├─┬ log4js@0.6.38
42 silly idealTree │ ├── isarray@0.0.1
42 silly idealTree │ ├── readable-stream@1.0.34
42 silly idealTree │ ├── semver@4.3.6
42 silly idealTree │ └── string_decoder@0.10.31
42 silly idealTree ├── lolex@1.6.0
42 silly idealTree ├── longest@1.0.1
42 silly idealTree ├── loose-envify@1.3.1
42 silly idealTree ├── loud-rejection@1.6.0
42 silly idealTree ├── lower-case@1.1.4
42 silly idealTree ├── lowercase-keys@1.0.0
42 silly idealTree ├── lru-cache@4.0.2
42 silly idealTree ├── macaddress@0.2.8
42 silly idealTree ├── map-obj@1.0.1
42 silly idealTree ├── math-expression-evaluator@1.2.17
42 silly idealTree ├── media-typer@0.3.0
42 silly idealTree ├── memory-fs@0.4.1
42 silly idealTree ├─┬ meow@3.7.0
42 silly idealTree │ └── minimist@1.2.0
42 silly idealTree ├── merge-descriptors@1.0.1
42 silly idealTree ├── methods@1.1.2
42 silly idealTree ├── micromatch@2.3.11
42 silly idealTree ├── miller-rabin@4.0.0
42 silly idealTree ├── mime-db@1.27.0
42 silly idealTree ├── mime-types@2.1.15
42 silly idealTree ├── mime@1.3.4
42 silly idealTree ├── mimic-fn@1.1.0
42 silly idealTree ├── minimalistic-assert@1.0.0
42 silly idealTree ├── minimalistic-crypto-utils@1.0.1
42 silly idealTree ├── minimatch@3.0.4
42 silly idealTree ├── minimist@0.0.8
42 silly idealTree ├── mkdirp@0.5.1
42 silly idealTree ├─┬ mocha@3.4.2
42 silly idealTree │ ├── debug@2.6.0
42 silly idealTree │ ├── glob@7.1.1
42 silly idealTree │ ├── ms@0.7.2
42 silly idealTree │ └── supports-color@3.1.2
42 silly idealTree ├── ms@2.0.0
42 silly idealTree ├── mute-stream@0.0.5
42 silly idealTree ├── native-promise-only@0.8.1
42 silly idealTree ├── natural-compare@1.4.0
42 silly idealTree ├── ncname@1.0.0
42 silly idealTree ├── negotiator@0.6.1
42 silly idealTree ├── no-case@2.3.1
42 silly idealTree ├── node-dir@0.1.16
42 silly idealTree ├─┬ node-libs-browser@2.0.0
42 silly idealTree │ └── string_decoder@0.10.31
42 silly idealTree ├── nopt@3.0.6
42 silly idealTree ├── normalize-package-data@2.3.8
42 silly idealTree ├── normalize-path@2.1.1
42 silly idealTree ├── normalize-range@0.1.2
42 silly idealTree ├── normalize-url@1.9.1
42 silly idealTree ├── nth-check@1.0.1
42 silly idealTree ├── num2fraction@1.2.2
42 silly idealTree ├── number-is-nan@1.0.1
42 silly idealTree ├── oauth-sign@0.8.2
42 silly idealTree ├── object-assign@4.1.1
42 silly idealTree ├── object-component@0.0.3
42 silly idealTree ├── object-hash@1.1.8
42 silly idealTree ├── object.omit@2.0.1
42 silly idealTree ├── on-finished@2.3.0
42 silly idealTree ├── once@1.4.0
42 silly idealTree ├── onetime@1.1.0
42 silly idealTree ├── opener@1.4.3
42 silly idealTree ├── opn@4.0.2
42 silly idealTree ├─┬ optimist@0.6.1
42 silly idealTree │ └── wordwrap@0.0.3
42 silly idealTree ├── optimize-css-assets-webpack-plugin@1.3.2
42 silly idealTree ├── optionator@0.8.2
42 silly idealTree ├── options@0.0.6
42 silly idealTree ├─┬ ora@1.2.0
42 silly idealTree │ ├── cli-cursor@2.1.0
42 silly idealTree │ ├── onetime@2.0.1
42 silly idealTree │ └── restore-cursor@2.0.0
42 silly idealTree ├── os-browserify@0.2.1
42 silly idealTree ├── os-homedir@1.0.2
42 silly idealTree ├── os-locale@1.4.0
42 silly idealTree ├── os-tmpdir@1.0.2
42 silly idealTree ├── p-limit@1.1.0
42 silly idealTree ├── p-locate@2.0.0
42 silly idealTree ├── pako@0.2.9
42 silly idealTree ├── param-case@2.1.1
42 silly idealTree ├── parse-asn1@5.1.0
42 silly idealTree ├── parse-glob@3.0.4
42 silly idealTree ├── parse-json@2.2.0
42 silly idealTree ├── parsejson@0.0.3
42 silly idealTree ├── parseqs@0.0.5
42 silly idealTree ├── parseuri@0.0.5
42 silly idealTree ├── parseurl@1.3.1
42 silly idealTree ├── path-browserify@0.0.0
42 silly idealTree ├── path-exists@2.1.0
42 silly idealTree ├── path-is-absolute@1.0.1
42 silly idealTree ├── path-is-inside@1.0.2
42 silly idealTree ├── path-parse@1.0.5
42 silly idealTree ├── path-to-regexp@0.1.7
42 silly idealTree ├── path-type@1.1.0
42 silly idealTree ├── pbkdf2@3.0.12
42 silly idealTree ├── pend@1.2.0
42 silly idealTree ├─┬ phantomjs-prebuilt@2.1.14
42 silly idealTree │ └── fs-extra@1.0.0
42 silly idealTree ├── pify@2.3.0
42 silly idealTree ├── pinkie-promise@2.0.1
42 silly idealTree ├── pinkie@2.0.4
42 silly idealTree ├── pkg-dir@1.0.0
42 silly idealTree ├── pluralize@1.2.1
42 silly idealTree ├── postcss-calc@5.3.1
42 silly idealTree ├── postcss-colormin@2.2.2
42 silly idealTree ├── postcss-convert-values@2.6.1
42 silly idealTree ├── postcss-discard-comments@2.0.4
42 silly idealTree ├── postcss-discard-duplicates@2.1.0
42 silly idealTree ├── postcss-discard-empty@2.1.0
42 silly idealTree ├── postcss-discard-overridden@0.1.1
42 silly idealTree ├── postcss-discard-unused@2.2.3
42 silly idealTree ├── postcss-filter-plugins@2.0.2
42 silly idealTree ├── postcss-load-config@1.2.0
42 silly idealTree ├── postcss-load-options@1.2.0
42 silly idealTree ├── postcss-load-plugins@2.3.0
42 silly idealTree ├── postcss-merge-idents@2.1.7
42 silly idealTree ├── postcss-merge-longhand@2.0.2
42 silly idealTree ├── postcss-merge-rules@2.1.2
42 silly idealTree ├── postcss-message-helpers@2.0.0
42 silly idealTree ├── postcss-minify-font-values@1.0.5
42 silly idealTree ├── postcss-minify-gradients@1.0.5
42 silly idealTree ├── postcss-minify-params@1.2.2
42 silly idealTree ├── postcss-minify-selectors@2.1.1
42 silly idealTree ├─┬ postcss-modules-extract-imports@1.1.0
42 silly idealTree │ └── postcss@6.0.1
42 silly idealTree ├─┬ postcss-modules-local-by-default@1.2.0
42 silly idealTree │ └── postcss@6.0.1
42 silly idealTree ├─┬ postcss-modules-scope@1.1.0
42 silly idealTree │ └── postcss@6.0.1
42 silly idealTree ├─┬ postcss-modules-values@1.3.0
42 silly idealTree │ └── postcss@6.0.1
42 silly idealTree ├── postcss-normalize-charset@1.1.1
42 silly idealTree ├── postcss-normalize-url@3.0.8
42 silly idealTree ├── postcss-ordered-values@2.2.3
42 silly idealTree ├── postcss-reduce-idents@2.4.0
42 silly idealTree ├── postcss-reduce-initial@1.0.1
42 silly idealTree ├── postcss-reduce-transforms@1.0.4
42 silly idealTree ├── postcss-selector-parser@2.2.3
42 silly idealTree ├── postcss-svgo@2.1.6
42 silly idealTree ├── postcss-unique-selectors@2.0.2
42 silly idealTree ├── postcss-value-parser@3.3.0
42 silly idealTree ├── postcss-zindex@2.2.0
42 silly idealTree ├── postcss@5.2.17
42 silly idealTree ├── prelude-ls@1.1.2
42 silly idealTree ├── prepend-http@1.0.4
42 silly idealTree ├── preserve@0.2.0
42 silly idealTree ├── pretty-error@2.1.0
42 silly idealTree ├── private@0.1.7
42 silly idealTree ├── process-nextick-args@1.0.7
42 silly idealTree ├── process@0.11.10
42 silly idealTree ├── progress@1.1.8
42 silly idealTree ├── proto-list@1.2.4
42 silly idealTree ├── proxy-addr@1.1.4
42 silly idealTree ├── prr@0.0.0
42 silly idealTree ├── pseudomap@1.0.2
42 silly idealTree ├── public-encrypt@4.0.0
42 silly idealTree ├── punycode@1.4.1
42 silly idealTree ├── q@1.5.0
42 silly idealTree ├── qjobs@1.1.5
42 silly idealTree ├── qs@6.4.0
42 silly idealTree ├── query-string@4.3.4
42 silly idealTree ├── querystring-es3@0.2.1
42 silly idealTree ├── querystring@0.2.0
42 silly idealTree ├── randomatic@1.1.6
42 silly idealTree ├── randombytes@2.0.3
42 silly idealTree ├── range-parser@1.2.0
42 silly idealTree ├── raw-body@2.2.0
42 silly idealTree ├── read-pkg-up@1.0.1
42 silly idealTree ├── read-pkg@1.1.0
42 silly idealTree ├── readable-stream@2.2.9
42 silly idealTree ├── readdirp@2.1.0
42 silly idealTree ├── readline2@1.0.1
42 silly idealTree ├── rechoir@0.6.2
42 silly idealTree ├── redent@1.0.0
42 silly idealTree ├── reduce-css-calc@1.3.0
42 silly idealTree ├── reduce-function-call@1.0.2
42 silly idealTree ├── regenerate@1.3.2
42 silly idealTree ├── regenerator-runtime@0.10.5
42 silly idealTree ├── regenerator-transform@0.9.11
42 silly idealTree ├── regex-cache@0.4.3
42 silly idealTree ├── regexpu-core@2.0.0
42 silly idealTree ├── regjsgen@0.2.0
42 silly idealTree ├─┬ regjsparser@0.1.5
42 silly idealTree │ └── jsesc@0.5.0
42 silly idealTree ├── relateurl@0.2.7
42 silly idealTree ├── remove-trailing-separator@1.0.1
42 silly idealTree ├─┬ renderkid@2.0.1
42 silly idealTree │ ├── domhandler@2.1.0
42 silly idealTree │ ├── domutils@1.1.6
42 silly idealTree │ ├── htmlparser2@3.3.0
42 silly idealTree │ ├── isarray@0.0.1
42 silly idealTree │ ├── readable-stream@1.0.34
42 silly idealTree │ ├── string_decoder@0.10.31
42 silly idealTree │ └── utila@0.3.3
42 silly idealTree ├── repeat-element@1.1.2
42 silly idealTree ├── repeat-string@1.6.1
42 silly idealTree ├── repeating@2.0.1
42 silly idealTree ├── request-progress@2.0.1
42 silly idealTree ├─┬ request@2.79.0
42 silly idealTree │ └── qs@6.3.2
42 silly idealTree ├── require-directory@2.1.1
42 silly idealTree ├── require-from-string@1.2.1
42 silly idealTree ├── require-main-filename@1.0.1
42 silly idealTree ├── require-uncached@1.0.3
42 silly idealTree ├── requires-port@1.0.0
42 silly idealTree ├── resolve-from@1.0.1
42 silly idealTree ├── resolve@1.3.3
42 silly idealTree ├── restore-cursor@1.0.1
42 silly idealTree ├── right-align@0.1.3
42 silly idealTree ├─┬ rimraf@2.6.1
42 silly idealTree │ └── glob@7.1.2
42 silly idealTree ├── ripemd160@2.0.1
42 silly idealTree ├── run-async@0.1.0
42 silly idealTree ├── rx-lite@3.1.2
42 silly idealTree ├── safe-buffer@5.0.1
42 silly idealTree ├── samsam@1.2.1
42 silly idealTree ├── sax@1.2.2
42 silly idealTree ├── semver@5.3.0
42 silly idealTree ├─┬ send@0.15.3
42 silly idealTree │ └── debug@2.6.7
42 silly idealTree ├── serve-static@1.12.3
42 silly idealTree ├── set-blocking@2.0.0
42 silly idealTree ├── set-immediate-shim@1.0.1
42 silly idealTree ├── setimmediate@1.0.5
42 silly idealTree ├── setprototypeof@1.0.3
42 silly idealTree ├── sha.js@2.4.8
42 silly idealTree ├── shebang-command@1.2.0
42 silly idealTree ├── shebang-regex@1.0.0
42 silly idealTree ├─┬ shelljs@0.7.7
42 silly idealTree │ └── glob@7.1.2
42 silly idealTree ├── sigmund@1.0.1
42 silly idealTree ├── signal-exit@3.0.2
42 silly idealTree ├── sinon-chai@2.10.0
42 silly idealTree ├─┬ sinon@2.3.2
42 silly idealTree │ ├── isarray@0.0.1
42 silly idealTree │ ├── path-to-regexp@1.7.0
42 silly idealTree │ └── type-detect@4.0.3
42 silly idealTree ├── slash@1.0.0
42 silly idealTree ├── slice-ansi@0.0.4
42 silly idealTree ├── sntp@1.0.9
42 silly idealTree ├─┬ socket.io-adapter@0.5.0
42 silly idealTree │ ├── debug@2.3.3
42 silly idealTree │ └── ms@0.7.2
42 silly idealTree ├─┬ socket.io-client@1.7.3
42 silly idealTree │ ├── component-emitter@1.2.1
42 silly idealTree │ ├── debug@2.3.3
42 silly idealTree │ └── ms@0.7.2
42 silly idealTree ├─┬ socket.io-parser@2.3.1
42 silly idealTree │ ├── debug@2.2.0
42 silly idealTree │ ├── isarray@0.0.1
42 silly idealTree │ └── ms@0.7.1
42 silly idealTree ├─┬ socket.io@1.7.3
42 silly idealTree │ ├── debug@2.3.3
42 silly idealTree │ ├── ms@0.7.2
42 silly idealTree │ └── object-assign@4.1.0
42 silly idealTree ├── sort-keys@1.1.2
42 silly idealTree ├── source-list-map@0.1.8
42 silly idealTree ├── source-map-support@0.4.15
42 silly idealTree ├── source-map@0.5.6
42 silly idealTree ├── spdx-correct@1.0.2
42 silly idealTree ├── spdx-expression-parse@1.0.4
42 silly idealTree ├── spdx-license-ids@1.2.2
42 silly idealTree ├── sprintf-js@1.0.3
42 silly idealTree ├─┬ sshpk@1.13.0
42 silly idealTree │ └── assert-plus@1.0.0
42 silly idealTree ├── stackframe@1.0.3
42 silly idealTree ├── statuses@1.3.1
42 silly idealTree ├── stream-browserify@2.0.1
42 silly idealTree ├── stream-http@2.7.1
42 silly idealTree ├── strict-uri-encode@1.1.0
42 silly idealTree ├── string_decoder@1.0.1
42 silly idealTree ├── string-length@1.0.1
42 silly idealTree ├── string-width@1.0.2
42 silly idealTree ├── stringstream@0.0.5
42 silly idealTree ├── strip-ansi@3.0.1
42 silly idealTree ├── strip-bom@2.0.0
42 silly idealTree ├── strip-indent@1.0.1
42 silly idealTree ├── strip-json-comments@2.0.1
42 silly idealTree ├── supports-color@3.2.3
42 silly idealTree ├── svgo@0.7.2
42 silly idealTree ├─┬ table@3.8.3
42 silly idealTree │ ├── is-fullwidth-code-point@2.0.0
42 silly idealTree │ └── string-width@2.0.0
42 silly idealTree ├── tapable@0.2.6
42 silly idealTree ├── test-exclude@4.1.0
42 silly idealTree ├── text-encoding@0.6.4
42 silly idealTree ├── text-table@0.2.0
42 silly idealTree ├── throttleit@1.0.0
42 silly idealTree ├── through@2.3.8
42 silly idealTree ├── timed-out@4.0.1
42 silly idealTree ├── timers-browserify@2.0.2
42 silly idealTree ├── tmp@0.0.31
42 silly idealTree ├── to-array@0.1.4
42 silly idealTree ├── to-arraybuffer@1.0.1
42 silly idealTree ├── to-fast-properties@1.0.3
42 silly idealTree ├── toposort@1.0.3
42 silly idealTree ├── tough-cookie@2.3.2
42 silly idealTree ├── trim-newlines@1.0.0
42 silly idealTree ├── trim-right@1.0.1
42 silly idealTree ├── tryit@1.0.3
42 silly idealTree ├── tty-browserify@0.0.0
42 silly idealTree ├── tunnel-agent@0.4.3
42 silly idealTree ├── tweetnacl@0.14.5
42 silly idealTree ├── type-check@0.3.2
42 silly idealTree ├── type-detect@1.0.0
42 silly idealTree ├── type-is@1.6.15
42 silly idealTree ├── typedarray@0.0.6
42 silly idealTree ├── uglify-js@3.0.11
42 silly idealTree ├── uglify-to-browserify@1.0.2
42 silly idealTree ├── ultron@1.0.2
42 silly idealTree ├── underscore@1.8.3
42 silly idealTree ├── uniq@1.0.1
42 silly idealTree ├── uniqid@4.1.1
42 silly idealTree ├── uniqs@2.0.0
42 silly idealTree ├── unpipe@1.0.0
42 silly idealTree ├── unzip-response@2.0.1
42 silly idealTree ├── upper-case@1.1.3
42 silly idealTree ├─┬ url-loader@0.5.8
42 silly idealTree │ └── loader-utils@1.1.0
42 silly idealTree ├── url-parse-lax@1.0.0
42 silly idealTree ├─┬ url@0.11.0
42 silly idealTree │ └── punycode@1.3.2
42 silly idealTree ├── user-home@2.0.0
42 silly idealTree ├─┬ useragent@2.1.13
42 silly idealTree │ └── lru-cache@2.2.4
42 silly idealTree ├── util-deprecate@1.0.2
42 silly idealTree ├─┬ util@0.10.3
42 silly idealTree │ └── inherits@2.0.1
42 silly idealTree ├── utila@0.4.0
42 silly idealTree ├── utils-merge@1.0.0
42 silly idealTree ├── uuid@3.0.1
42 silly idealTree ├── validate-npm-package-license@3.0.1
42 silly idealTree ├── vary@1.1.1
42 silly idealTree ├── vendors@1.0.1
42 silly idealTree ├── verror@1.3.6
42 silly idealTree ├── vm-browserify@0.0.4
42 silly idealTree ├── void-elements@2.0.1
42 silly idealTree ├── vue-axios@2.0.2
42 silly idealTree ├── vue-hot-reload-api@2.1.0
42 silly idealTree ├─┬ vue-loader@12.1.1
42 silly idealTree │ └── loader-utils@1.1.0
42 silly idealTree ├── vue-resource@1.3.3
42 silly idealTree ├── vue-router@2.5.3
42 silly idealTree ├─┬ vue-style-loader@3.0.1
42 silly idealTree │ └── loader-utils@1.1.0
42 silly idealTree ├── vue-template-compiler@2.3.3
42 silly idealTree ├── vue-template-es2015-compiler@1.5.2
42 silly idealTree ├── vue@2.3.3
42 silly idealTree ├── watchpack@1.3.1
42 silly idealTree ├─┬ webpack-bundle-analyzer@2.8.2
42 silly idealTree │ ├── ultron@1.1.0
42 silly idealTree │ └── ws@2.3.1
42 silly idealTree ├── webpack-dev-middleware@1.10.2
42 silly idealTree ├── webpack-hot-middleware@2.18.0
42 silly idealTree ├── webpack-merge@4.1.0
42 silly idealTree ├── webpack-sources@0.1.5
42 silly idealTree ├─┬ webpack@2.6.1
42 silly idealTree │ ├── camelcase@1.2.1
42 silly idealTree │ ├── source-list-map@1.1.2
42 silly idealTree │ ├─┬ uglify-js@2.8.27
42 silly idealTree │ │ └── yargs@3.10.0
42 silly idealTree │ ├── webpack-sources@0.2.3
42 silly idealTree │ └─┬ yargs@6.6.0
42 silly idealTree │   ├── camelcase@3.0.0
42 silly idealTree │   └── cliui@3.2.0
42 silly idealTree ├── whet.extend@0.9.9
42 silly idealTree ├── which-module@1.0.0
42 silly idealTree ├── which@1.2.14
42 silly idealTree ├── window-size@0.1.0
42 silly idealTree ├── wordwrap@1.0.0
42 silly idealTree ├── wrap-ansi@2.1.0
42 silly idealTree ├── wrappy@1.0.2
42 silly idealTree ├── write@0.2.1
42 silly idealTree ├── ws@1.1.2
42 silly idealTree ├── wtf-8@1.0.0
42 silly idealTree ├── xml-char-classes@1.0.0
42 silly idealTree ├── xmlhttprequest-ssl@1.5.3
42 silly idealTree ├── xtend@4.0.1
42 silly idealTree ├── y18n@3.2.1
42 silly idealTree ├── yallist@2.1.2
42 silly idealTree ├─┬ yargs-parser@4.2.1
42 silly idealTree │ └── camelcase@3.0.0
42 silly idealTree ├─┬ yargs@3.10.0
42 silly idealTree │ └── camelcase@1.2.1
42 silly idealTree ├── yauzl@2.4.1
42 silly idealTree └── yeast@0.1.2
43 silly generateActionsToTake Starting
44 silly install generateActionsToTake
45 silly generateActionsToTake Finishing
46 silly diffTrees action count 0
47 silly decomposeActions action count 0
48 silly runTopLevelLifecycles Starting
49 silly install runPreinstallTopLevelLifecycles
50 silly preinstall voat@1.0.0 /home/tag/code/voat.vue/voat-fc8c1d8d
51 info lifecycle voat@1.0.0~preinstall: voat@1.0.0
52 silly lifecycle voat@1.0.0~preinstall: no script for preinstall, continuing
53 silly executeActions Starting
54 silly install executeActions
55 silly doSerial global-install 0
56 silly doParallel fetch 0
57 verbose correctMkdir /home/tag/.npm/_locks correctMkdir not in flight; initializing
58 verbose lock using /home/tag/.npm/_locks/staging-7ac6126b06b191b3.lock for /home/tag/code/voat.vue/node_modules/.staging
59 verbose unlock done using /home/tag/.npm/_locks/staging-7ac6126b06b191b3.lock for /home/tag/code/voat.vue/node_modules/.staging
60 silly rollbackFailedOptional Starting
61 silly rollbackFailedOptional Finishing
62 silly runTopLevelLifecycles Finishing
63 silly install printInstalled
64 warn optional SKIPPING OPTIONAL DEPENDENCY: fsevents@^1.0.0 (node_modules/chokidar/node_modules/fsevents):
65 warn notsup SKIPPING OPTIONAL DEPENDENCY: Unsupported platform for fsevents@1.1.1: wanted {"os":"darwin","arch":"any"} (current: {"os":"linux","arch":"x64"})
66 verbose notsup SKIPPING OPTIONAL DEPENDENCY: Valid OS:    darwin
66 verbose notsup SKIPPING OPTIONAL DEPENDENCY: Valid Arch:  any
66 verbose notsup SKIPPING OPTIONAL DEPENDENCY: Actual OS:   linux
66 verbose notsup SKIPPING OPTIONAL DEPENDENCY: Actual Arch: x64
67 verbose stack Error: EACCES: permission denied, mkdir '/home/tag/code/voat.vue/node_modules/.staging'
67 verbose stack     at Error (native)
68 verbose cwd /home/tag/code/voat.vue/config
69 error Linux 3.10.0-514.16.1.el7.x86_64
70 error argv "/usr/bin/node" "/usr/bin/npm" "install"
71 error node v6.10.2
72 error npm  v3.10.10
73 error path /home/tag/code/voat.vue/node_modules/.staging
74 error code EACCES
75 error errno -13
76 error syscall mkdir
77 error Error: EACCES: permission denied, mkdir '/home/tag/code/voat.vue/node_modules/.staging'
77 error     at Error (native)
77 error  { Error: EACCES: permission denied, mkdir '/home/tag/code/voat.vue/node_modules/.staging'
77 error     at Error (native)
77 error   errno: -13,
77 error   code: 'EACCES',
77 error   syscall: 'mkdir',
77 error   path: '/home/tag/code/voat.vue/node_modules/.staging' }
78 error Please try running this command again as root/Administrator.
79 verbose exit [ -13, true ]
